[ 2019-01-02T15:21:48+08:00 ] 127.0.0.1 127.0.0.1 GET /
[ log ] www.nuomi123.com/ [运行时间：0.116006s][吞吐率：8.62req/s] [内存消耗：2,415.16kb] [文件加载：55]
[ info ] [ LANG ] E:\www\nuomi\thinkphp\lang\zh-cn.php
[ info ] [ ROUTE ] array (
  'type' => 'module',
  'module' => 
  array (
    0 => '',
    1 => NULL,
    2 => NULL,
  ),
)
[ info ] [ HEADER ] array (
  'host' => 'www.nuomi123.com',
  'user-agent' => 'Mozilla/5.0 (Windows NT 6.1; Win64; x64; rv:64.0) Gecko/20100101 Firefox/64.0',
  'accept' => 'text/html,application/xhtml+xml,application/xml;q=0.9,*/*;q=0.8',
  'accept-language' => 'zh-CN,zh;q=0.8,zh-TW;q=0.7,zh-HK;q=0.5,en-US;q=0.3,en;q=0.2',
  'accept-encoding' => 'gzip, deflate',
  'connection' => 'keep-alive',
  'upgrade-insecure-requests' => '1',
)
[ info ] [ PARAM ] array (
)
[ info ] [ DB ] INIT mysql
[ info ] [ SESSION ] INIT array (
  'id' => '',
  'var_session_id' => '',
  'prefix' => 'think',
  'type' => '',
  'auto_start' => true,
)
[ info ] [ RUN ] app\index\controller\Index->index[ E:\www\nuomi\application\index\controller\Index.php ]
[ info ] [ VIEW ] E:\www\nuomi./application/index\view\index\index.html [ array (
  0 => 'citys',
  1 => 'city',
  2 => 'cats',
  3 => 'controler',
  4 => 'user',
  5 => 'title',
  6 => 'datas',
  7 => 'meishicates',
  8 => 'controller',
) ]
[ info ] [ LOG ] INIT File

---------------------------------------------------------------
[ 2019-01-02T15:22:54+08:00 ] 127.0.0.1 127.0.0.1 GET /
[ log ] www.nuomi123.com/ [运行时间：0.071004s][吞吐率：14.08req/s] [内存消耗：2,415.19kb] [文件加载：55]
[ info ] [ LANG ] E:\www\nuomi\thinkphp\lang\zh-cn.php
[ info ] [ ROUTE ] array (
  'type' => 'module',
  'module' => 
  array (
    0 => '',
    1 => NULL,
    2 => NULL,
  ),
)
[ info ] [ HEADER ] array (
  'host' => 'www.nuomi123.com',
  'user-agent' => 'Mozilla/5.0 (Windows NT 6.1; Win64; x64; rv:64.0) Gecko/20100101 Firefox/64.0',
  'accept' => 'text/html,application/xhtml+xml,application/xml;q=0.9,*/*;q=0.8',
  'accept-language' => 'zh-CN,zh;q=0.8,zh-TW;q=0.7,zh-HK;q=0.5,en-US;q=0.3,en;q=0.2',
  'accept-encoding' => 'gzip, deflate',
  'connection' => 'keep-alive',
  'cookie' => 'PHPSESSID=3qftaeggbt4mjh9i8ld8u1mns0',
  'upgrade-insecure-requests' => '1',
)
[ info ] [ PARAM ] array (
)
[ info ] [ DB ] INIT mysql
[ info ] [ SESSION ] INIT array (
  'id' => '',
  'var_session_id' => '',
  'prefix' => 'think',
  'type' => '',
  'auto_start' => true,
)
[ info ] [ RUN ] app\index\controller\Index->index[ E:\www\nuomi\application\index\controller\Index.php ]
[ info ] [ VIEW ] E:\www\nuomi./application/index\view\index\index.html [ array (
  0 => 'citys',
  1 => 'city',
  2 => 'cats',
  3 => 'controler',
  4 => 'user',
  5 => 'title',
  6 => 'datas',
  7 => 'meishicates',
  8 => 'controller',
) ]
[ info ] [ LOG ] INIT File

---------------------------------------------------------------
[ 2019-01-02T15:23:35+08:00 ] 127.0.0.1 127.0.0.1 GET /index.php/bis/index/index.html
[ log ] www.nuomi123.com/index.php/bis/index/index.html [运行时间：0.034002s][吞吐率：29.41req/s] [内存消耗：1,470.08kb] [文件加载：46]
[ info ] [ LANG ] E:\www\nuomi\thinkphp\lang\zh-cn.php
[ info ] [ ROUTE ] array (
  'type' => 'module',
  'module' => 
  array (
    0 => 'bis',
    1 => 'index',
    2 => 'index',
  ),
)
[ info ] [ HEADER ] array (
  'host' => 'www.nuomi123.com',
  'user-agent' => 'Mozilla/5.0 (Windows NT 6.1; Win64; x64; rv:64.0) Gecko/20100101 Firefox/64.0',
  'accept' => 'text/html,application/xhtml+xml,application/xml;q=0.9,*/*;q=0.8',
  'accept-language' => 'zh-CN,zh;q=0.8,zh-TW;q=0.7,zh-HK;q=0.5,en-US;q=0.3,en;q=0.2',
  'accept-encoding' => 'gzip, deflate',
  'connection' => 'keep-alive',
  'cookie' => 'PHPSESSID=3qftaeggbt4mjh9i8ld8u1mns0',
  'upgrade-insecure-requests' => '1',
)
[ info ] [ PARAM ] array (
)
[ info ] [ SESSION ] INIT array (
  'id' => '',
  'var_session_id' => '',
  'prefix' => 'think',
  'type' => '',
  'auto_start' => true,
)
[ info ] [ LOG ] INIT File

---------------------------------------------------------------
[ 2019-01-02T15:23:35+08:00 ] 127.0.0.1 127.0.0.1 GET /index.php/bis/login/index.html
[ log ] www.nuomi123.com/index.php/bis/login/index.html [运行时间：0.026002s][吞吐率：38.46req/s] [内存消耗：1,447.97kb] [文件加载：44]
[ info ] [ LANG ] E:\www\nuomi\thinkphp\lang\zh-cn.php
[ info ] [ ROUTE ] array (
  'type' => 'module',
  'module' => 
  array (
    0 => 'bis',
    1 => 'login',
    2 => 'index',
  ),
)
[ info ] [ HEADER ] array (
  'host' => 'www.nuomi123.com',
  'user-agent' => 'Mozilla/5.0 (Windows NT 6.1; Win64; x64; rv:64.0) Gecko/20100101 Firefox/64.0',
  'accept' => 'text/html,application/xhtml+xml,application/xml;q=0.9,*/*;q=0.8',
  'accept-language' => 'zh-CN,zh;q=0.8,zh-TW;q=0.7,zh-HK;q=0.5,en-US;q=0.3,en;q=0.2',
  'accept-encoding' => 'gzip, deflate',
  'connection' => 'keep-alive',
  'cookie' => 'PHPSESSID=3qftaeggbt4mjh9i8ld8u1mns0',
  'upgrade-insecure-requests' => '1',
)
[ info ] [ PARAM ] array (
)
[ info ] [ RUN ] app\bis\controller\Login->index[ E:\www\nuomi\application\bis\controller\Login.php ]
[ info ] [ SESSION ] INIT array (
  'id' => '',
  'var_session_id' => '',
  'prefix' => 'think',
  'type' => '',
  'auto_start' => true,
)
[ info ] [ VIEW ] E:\www\nuomi./application/bis\view\login\index.html [ array (
) ]
[ info ] [ LOG ] INIT File

---------------------------------------------------------------
[ 2019-01-02T15:24:05+08:00 ] 127.0.0.1 127.0.0.1 GET /bis
[ log ] www.nuomi123.com/bis [运行时间：0.138008s][吞吐率：7.25req/s] [内存消耗：1,469.86kb] [文件加载：46]
[ info ] [ LANG ] E:\www\nuomi\thinkphp\lang\zh-cn.php
[ info ] [ ROUTE ] array (
  'type' => 'module',
  'module' => 
  array (
    0 => 'bis',
    1 => NULL,
    2 => NULL,
  ),
)
[ info ] [ HEADER ] array (
  'host' => 'www.nuomi123.com',
  'user-agent' => 'Mozilla/5.0 (Windows NT 6.1; Win64; x64; rv:64.0) Gecko/20100101 Firefox/64.0',
  'accept' => 'text/html,application/xhtml+xml,application/xml;q=0.9,*/*;q=0.8',
  'accept-language' => 'zh-CN,zh;q=0.8,zh-TW;q=0.7,zh-HK;q=0.5,en-US;q=0.3,en;q=0.2',
  'accept-encoding' => 'gzip, deflate',
  'connection' => 'keep-alive',
  'cookie' => 'PHPSESSID=3qftaeggbt4mjh9i8ld8u1mns0',
  'upgrade-insecure-requests' => '1',
)
[ info ] [ PARAM ] array (
)
[ info ] [ SESSION ] INIT array (
  'id' => '',
  'var_session_id' => '',
  'prefix' => 'think',
  'type' => '',
  'auto_start' => true,
)
[ info ] [ LOG ] INIT File

---------------------------------------------------------------
[ 2019-01-02T15:24:05+08:00 ] 127.0.0.1 127.0.0.1 GET /bis/login/index.html
[ log ] www.nuomi123.com/bis/login/index.html [运行时间：0.073004s][吞吐率：13.70req/s] [内存消耗：1,447.76kb] [文件加载：44]
[ info ] [ LANG ] E:\www\nuomi\thinkphp\lang\zh-cn.php
[ info ] [ ROUTE ] array (
  'type' => 'module',
  'module' => 
  array (
    0 => 'bis',
    1 => 'login',
    2 => 'index',
  ),
)
[ info ] [ HEADER ] array (
  'host' => 'www.nuomi123.com',
  'user-agent' => 'Mozilla/5.0 (Windows NT 6.1; Win64; x64; rv:64.0) Gecko/20100101 Firefox/64.0',
  'accept' => 'text/html,application/xhtml+xml,application/xml;q=0.9,*/*;q=0.8',
  'accept-language' => 'zh-CN,zh;q=0.8,zh-TW;q=0.7,zh-HK;q=0.5,en-US;q=0.3,en;q=0.2',
  'accept-encoding' => 'gzip, deflate',
  'connection' => 'keep-alive',
  'cookie' => 'PHPSESSID=3qftaeggbt4mjh9i8ld8u1mns0',
  'upgrade-insecure-requests' => '1',
)
[ info ] [ PARAM ] array (
)
[ info ] [ RUN ] app\bis\controller\Login->index[ E:\www\nuomi\application\bis\controller\Login.php ]
[ info ] [ SESSION ] INIT array (
  'id' => '',
  'var_session_id' => '',
  'prefix' => 'think',
  'type' => '',
  'auto_start' => true,
)
[ info ] [ VIEW ] E:\www\nuomi./application/bis\view\login\index.html [ array (
) ]
[ info ] [ LOG ] INIT File

---------------------------------------------------------------
[ 2019-01-02T15:24:11+08:00 ] 127.0.0.1 127.0.0.1 GET /bis/login/index.html
[ log ] www.nuomi123.com/bis/login/index.html [运行时间：0.952054s][吞吐率：1.05req/s] [内存消耗：1,447.99kb] [文件加载：44]
[ info ] [ LANG ] E:\www\nuomi\thinkphp\lang\zh-cn.php
[ info ] [ ROUTE ] array (
  'type' => 'module',
  'module' => 
  array (
    0 => 'bis',
    1 => 'login',
    2 => 'index',
  ),
)
[ info ] [ HEADER ] array (
  'host' => 'www.nuomi123.com',
  'user-agent' => 'Mozilla/5.0 (Windows NT 6.1; Win64; x64; rv:64.0) Gecko/20100101 Firefox/64.0',
  'accept' => 'text/html,application/xhtml+xml,application/xml;q=0.9,*/*;q=0.8',
  'accept-language' => 'zh-CN,zh;q=0.8,zh-TW;q=0.7,zh-HK;q=0.5,en-US;q=0.3,en;q=0.2',
  'accept-encoding' => 'gzip, deflate',
  'connection' => 'keep-alive',
  'cookie' => 'PHPSESSID=3qftaeggbt4mjh9i8ld8u1mns0',
  'upgrade-insecure-requests' => '1',
  'cache-control' => 'max-age=0',
)
[ info ] [ PARAM ] array (
)
[ info ] [ RUN ] app\bis\controller\Login->index[ E:\www\nuomi\application\bis\controller\Login.php ]
[ info ] [ SESSION ] INIT array (
  'id' => '',
  'var_session_id' => '',
  'prefix' => 'think',
  'type' => '',
  'auto_start' => true,
)
[ info ] [ VIEW ] E:\www\nuomi./application/bis\view\login\index.html [ array (
) ]
[ info ] [ LOG ] INIT File

---------------------------------------------------------------
[ 2019-01-02T15:24:11+08:00 ] 127.0.0.1 127.0.0.1 GET /bis/login/index.html
[ log ] www.nuomi123.com/bis/login/index.html [运行时间：0.698040s][吞吐率：1.43req/s] [内存消耗：1,447.99kb] [文件加载：44]
[ info ] [ LANG ] E:\www\nuomi\thinkphp\lang\zh-cn.php
[ info ] [ ROUTE ] array (
  'type' => 'module',
  'module' => 
  array (
    0 => 'bis',
    1 => 'login',
    2 => 'index',
  ),
)
[ info ] [ HEADER ] array (
  'host' => 'www.nuomi123.com',
  'user-agent' => 'Mozilla/5.0 (Windows NT 6.1; Win64; x64; rv:64.0) Gecko/20100101 Firefox/64.0',
  'accept' => 'text/html,application/xhtml+xml,application/xml;q=0.9,*/*;q=0.8',
  'accept-language' => 'zh-CN,zh;q=0.8,zh-TW;q=0.7,zh-HK;q=0.5,en-US;q=0.3,en;q=0.2',
  'accept-encoding' => 'gzip, deflate',
  'connection' => 'keep-alive',
  'cookie' => 'PHPSESSID=3qftaeggbt4mjh9i8ld8u1mns0',
  'upgrade-insecure-requests' => '1',
  'cache-control' => 'max-age=0',
)
[ info ] [ PARAM ] array (
)
[ info ] [ RUN ] app\bis\controller\Login->index[ E:\www\nuomi\application\bis\controller\Login.php ]
[ info ] [ SESSION ] INIT array (
  'id' => '',
  'var_session_id' => '',
  'prefix' => 'think',
  'type' => '',
  'auto_start' => true,
)
[ info ] [ VIEW ] E:\www\nuomi./application/bis\view\login\index.html [ array (
) ]
[ info ] [ LOG ] INIT File

---------------------------------------------------------------
[ 2019-01-02T15:24:11+08:00 ] 127.0.0.1 127.0.0.1 GET /bis/login/index.html
[ log ] www.nuomi123.com/bis/login/index.html [运行时间：0.878051s][吞吐率：1.14req/s] [内存消耗：1,447.99kb] [文件加载：44]
[ info ] [ LANG ] E:\www\nuomi\thinkphp\lang\zh-cn.php
[ info ] [ ROUTE ] array (
  'type' => 'module',
  'module' => 
  array (
    0 => 'bis',
    1 => 'login',
    2 => 'index',
  ),
)
[ info ] [ HEADER ] array (
  'host' => 'www.nuomi123.com',
  'user-agent' => 'Mozilla/5.0 (Windows NT 6.1; Win64; x64; rv:64.0) Gecko/20100101 Firefox/64.0',
  'accept' => 'text/html,application/xhtml+xml,application/xml;q=0.9,*/*;q=0.8',
  'accept-language' => 'zh-CN,zh;q=0.8,zh-TW;q=0.7,zh-HK;q=0.5,en-US;q=0.3,en;q=0.2',
  'accept-encoding' => 'gzip, deflate',
  'connection' => 'keep-alive',
  'cookie' => 'PHPSESSID=3qftaeggbt4mjh9i8ld8u1mns0',
  'upgrade-insecure-requests' => '1',
  'cache-control' => 'max-age=0',
)
[ info ] [ PARAM ] array (
)
[ info ] [ RUN ] app\bis\controller\Login->index[ E:\www\nuomi\application\bis\controller\Login.php ]
[ info ] [ SESSION ] INIT array (
  'id' => '',
  'var_session_id' => '',
  'prefix' => 'think',
  'type' => '',
  'auto_start' => true,
)
[ info ] [ VIEW ] E:\www\nuomi./application/bis\view\login\index.html [ array (
) ]
[ info ] [ LOG ] INIT File

---------------------------------------------------------------
[ 2019-01-02T15:24:14+08:00 ] 127.0.0.1 127.0.0.1 GET /bis/
[ log ] www.nuomi123.com/bis/ [运行时间：0.055003s][吞吐率：18.18req/s] [内存消耗：1,469.84kb] [文件加载：46]
[ info ] [ LANG ] E:\www\nuomi\thinkphp\lang\zh-cn.php
[ info ] [ ROUTE ] array (
  'type' => 'module',
  'module' => 
  array (
    0 => 'bis',
    1 => NULL,
    2 => NULL,
  ),
)
[ info ] [ HEADER ] array (
  'host' => 'www.nuomi123.com',
  'user-agent' => 'Mozilla/5.0 (Windows NT 6.1; Win64; x64; rv:64.0) Gecko/20100101 Firefox/64.0',
  'accept' => 'text/html,application/xhtml+xml,application/xml;q=0.9,*/*;q=0.8',
  'accept-language' => 'zh-CN,zh;q=0.8,zh-TW;q=0.7,zh-HK;q=0.5,en-US;q=0.3,en;q=0.2',
  'accept-encoding' => 'gzip, deflate',
  'connection' => 'keep-alive',
  'cookie' => 'PHPSESSID=3qftaeggbt4mjh9i8ld8u1mns0',
  'upgrade-insecure-requests' => '1',
)
[ info ] [ PARAM ] array (
)
[ info ] [ SESSION ] INIT array (
  'id' => '',
  'var_session_id' => '',
  'prefix' => 'think',
  'type' => '',
  'auto_start' => true,
)
[ info ] [ LOG ] INIT File

---------------------------------------------------------------
[ 2019-01-02T15:24:14+08:00 ] 127.0.0.1 127.0.0.1 GET /bis/login/index.html
[ log ] www.nuomi123.com/bis/login/index.html [运行时间：0.031001s][吞吐率：32.26req/s] [内存消耗：1,447.76kb] [文件加载：44]
[ info ] [ LANG ] E:\www\nuomi\thinkphp\lang\zh-cn.php
[ info ] [ ROUTE ] array (
  'type' => 'module',
  'module' => 
  array (
    0 => 'bis',
    1 => 'login',
    2 => 'index',
  ),
)
[ info ] [ HEADER ] array (
  'host' => 'www.nuomi123.com',
  'user-agent' => 'Mozilla/5.0 (Windows NT 6.1; Win64; x64; rv:64.0) Gecko/20100101 Firefox/64.0',
  'accept' => 'text/html,application/xhtml+xml,application/xml;q=0.9,*/*;q=0.8',
  'accept-language' => 'zh-CN,zh;q=0.8,zh-TW;q=0.7,zh-HK;q=0.5,en-US;q=0.3,en;q=0.2',
  'accept-encoding' => 'gzip, deflate',
  'connection' => 'keep-alive',
  'cookie' => 'PHPSESSID=3qftaeggbt4mjh9i8ld8u1mns0',
  'upgrade-insecure-requests' => '1',
)
[ info ] [ PARAM ] array (
)
[ info ] [ RUN ] app\bis\controller\Login->index[ E:\www\nuomi\application\bis\controller\Login.php ]
[ info ] [ SESSION ] INIT array (
  'id' => '',
  'var_session_id' => '',
  'prefix' => 'think',
  'type' => '',
  'auto_start' => true,
)
[ info ] [ VIEW ] E:\www\nuomi./application/bis\view\login\index.html [ array (
) ]
[ info ] [ LOG ] INIT File

---------------------------------------------------------------
[ 2019-01-02T15:24:18+08:00 ] 127.0.0.1 127.0.0.1 GET /admin
[ log ] www.nuomi123.com/admin [运行时间：0.159009s][吞吐率：6.29req/s] [内存消耗：1,446.68kb] [文件加载：44]
[ info ] [ LANG ] E:\www\nuomi\thinkphp\lang\zh-cn.php
[ info ] [ ROUTE ] array (
  'type' => 'module',
  'module' => 
  array (
    0 => 'admin',
    1 => NULL,
    2 => NULL,
  ),
)
[ info ] [ HEADER ] array (
  'host' => 'www.nuomi123.com',
  'user-agent' => 'Mozilla/5.0 (Windows NT 6.1; Win64; x64; rv:64.0) Gecko/20100101 Firefox/64.0',
  'accept' => 'text/html,application/xhtml+xml,application/xml;q=0.9,*/*;q=0.8',
  'accept-language' => 'zh-CN,zh;q=0.8,zh-TW;q=0.7,zh-HK;q=0.5,en-US;q=0.3,en;q=0.2',
  'accept-encoding' => 'gzip, deflate',
  'connection' => 'keep-alive',
  'cookie' => 'PHPSESSID=3qftaeggbt4mjh9i8ld8u1mns0',
  'upgrade-insecure-requests' => '1',
)
[ info ] [ PARAM ] array (
)
[ info ] [ RUN ] app\admin\controller\Index->index[ E:\www\nuomi\application\admin\controller\Index.php ]
[ info ] [ VIEW ] E:\www\nuomi./application/admin\view\index\index.html [ array (
) ]
[ info ] [ LOG ] INIT File

---------------------------------------------------------------
[ 2019-01-02T15:24:18+08:00 ] 127.0.0.1 127.0.0.1 GET /admin/index/welcome.html
[ log ] www.nuomi123.com/admin/index/welcome.html [运行时间：0.048003s][吞吐率：20.83req/s] [内存消耗：1,389.40kb] [文件加载：42]
[ info ] [ LANG ] E:\www\nuomi\thinkphp\lang\zh-cn.php
[ info ] [ ROUTE ] array (
  'type' => 'module',
  'module' => 
  array (
    0 => 'admin',
    1 => 'index',
    2 => 'welcome',
  ),
)
[ info ] [ HEADER ] array (
  'host' => 'www.nuomi123.com',
  'user-agent' => 'Mozilla/5.0 (Windows NT 6.1; Win64; x64; rv:64.0) Gecko/20100101 Firefox/64.0',
  'accept' => 'text/html,application/xhtml+xml,application/xml;q=0.9,*/*;q=0.8',
  'accept-language' => 'zh-CN,zh;q=0.8,zh-TW;q=0.7,zh-HK;q=0.5,en-US;q=0.3,en;q=0.2',
  'accept-encoding' => 'gzip, deflate',
  'referer' => 'http://www.nuomi123.com/admin',
  'connection' => 'keep-alive',
  'cookie' => 'PHPSESSID=3qftaeggbt4mjh9i8ld8u1mns0',
  'upgrade-insecure-requests' => '1',
)
[ info ] [ PARAM ] array (
)
[ info ] [ RUN ] app\admin\controller\Index->welcome[ E:\www\nuomi\application\admin\controller\Index.php ]
[ info ] [ SESSION ] INIT array (
  'id' => '',
  'var_session_id' => '',
  'prefix' => 'think',
  'type' => '',
  'auto_start' => true,
)
[ info ] [ LOG ] INIT File

---------------------------------------------------------------
[ 2019-01-02T15:27:49+08:00 ] 127.0.0.1 127.0.0.1 GET /bis/login/index.html
[ log ] www.nuomi123.com/bis/login/index.html [运行时间：0.041003s][吞吐率：24.39req/s] [内存消耗：1,447.87kb] [文件加载：44]
[ info ] [ LANG ] E:\www\nuomi\thinkphp\lang\zh-cn.php
[ info ] [ ROUTE ] array (
  'type' => 'module',
  'module' => 
  array (
    0 => 'bis',
    1 => 'login',
    2 => 'index',
  ),
)
[ info ] [ HEADER ] array (
  'host' => 'www.nuomi123.com',
  'user-agent' => 'Mozilla/5.0 (Windows NT 6.1; Win64; x64; rv:64.0) Gecko/20100101 Firefox/64.0',
  'accept' => 'text/html,application/xhtml+xml,application/xml;q=0.9,*/*;q=0.8',
  'accept-language' => 'zh-CN,zh;q=0.8,zh-TW;q=0.7,zh-HK;q=0.5,en-US;q=0.3,en;q=0.2',
  'accept-encoding' => 'gzip, deflate',
  'dnt' => '1',
  'connection' => 'keep-alive',
  'upgrade-insecure-requests' => '1',
  'pragma' => 'no-cache',
  'cache-control' => 'no-cache',
)
[ info ] [ PARAM ] array (
)
[ info ] [ RUN ] app\bis\controller\Login->index[ E:\www\nuomi\application\bis\controller\Login.php ]
[ info ] [ SESSION ] INIT array (
  'id' => '',
  'var_session_id' => '',
  'prefix' => 'think',
  'type' => '',
  'auto_start' => true,
)
[ info ] [ VIEW ] E:\www\nuomi./application/bis\view\login\index.html [ array (
) ]
[ info ] [ LOG ] INIT File

---------------------------------------------------------------
[ 2019-01-02T15:27:50+08:00 ] 127.0.0.1 127.0.0.1 GET /favicon.ico
[ log ] www.nuomi123.com/favicon.ico [运行时间：0.027002s][吞吐率：37.03req/s] [内存消耗：1,143.51kb] [文件加载：36]
[ info ] [ LANG ] E:\www\nuomi\thinkphp\lang\zh-cn.php
[ info ] [ ROUTE ] array (
  'type' => 'module',
  'module' => 
  array (
    0 => 'favicon.ico',
    1 => NULL,
    2 => NULL,
  ),
)
[ info ] [ HEADER ] array (
  'host' => 'www.nuomi123.com',
  'user-agent' => 'Mozilla/5.0 (Windows NT 6.1; Win64; x64; rv:64.0) Gecko/20100101 Firefox/64.0',
  'accept' => 'text/html,application/xhtml+xml,application/xml;q=0.9,*/*;q=0.8',
  'accept-language' => 'zh-CN,zh;q=0.8,zh-TW;q=0.7,zh-HK;q=0.5,en-US;q=0.3,en;q=0.2',
  'accept-encoding' => 'gzip, deflate',
  'dnt' => '1',
  'connection' => 'keep-alive',
  'pragma' => 'no-cache',
  'cache-control' => 'no-cache',
)
[ info ] [ PARAM ] array (
)
[ info ] [ LOG ] INIT File

---------------------------------------------------------------
[ 2019-01-02T17:24:04+08:00 ] 127.0.0.1 127.0.0.1 GET /admin/deal/apply.html
[ log ] www.nuomi123.com/admin/deal/apply.html [运行时间：0.115006s][吞吐率：8.70req/s] [内存消耗：2,682.82kb] [文件加载：63]
[ info ] [ LANG ] E:\www\nuomi\thinkphp\lang\zh-cn.php
[ info ] [ ROUTE ] array (
  'type' => 'module',
  'module' => 
  array (
    0 => 'admin',
    1 => 'deal',
    2 => 'apply',
  ),
)
[ info ] [ HEADER ] array (
  'host' => 'www.nuomi123.com',
  'user-agent' => 'Mozilla/5.0 (Windows NT 6.1; Win64; x64; rv:64.0) Gecko/20100101 Firefox/64.0',
  'accept' => 'text/html,application/xhtml+xml,application/xml;q=0.9,*/*;q=0.8',
  'accept-language' => 'zh-CN,zh;q=0.8,zh-TW;q=0.7,zh-HK;q=0.5,en-US;q=0.3,en;q=0.2',
  'accept-encoding' => 'gzip, deflate',
  'referer' => 'http://www.nuomi123.com/admin',
  'connection' => 'keep-alive',
  'cookie' => 'PHPSESSID=3qftaeggbt4mjh9i8ld8u1mns0',
  'upgrade-insecure-requests' => '1',
)
[ info ] [ PARAM ] array (
)
[ info ] [ RUN ] app\admin\controller\Deal->apply[ E:\www\nuomi\application\admin\controller\Deal.php ]
[ info ] [ DB ] INIT mysql
[ info ] [ VIEW ] E:\www\nuomi./application/admin\view\deal\apply.html [ array (
  0 => 'categorys',
  1 => 'citys',
  2 => 'deals',
  3 => 'category_id',
  4 => 'city_id',
  5 => 'start_time',
  6 => 'end_time',
  7 => 'name',
  8 => 'categoryArrs',
  9 => 'cityArrs',
) ]
[ info ] [ LOG ] INIT File

---------------------------------------------------------------
[ 2019-01-02T17:24:04+08:00 ] 127.0.0.1 127.0.0.1 GET /static/admin/hui/lib/My97DatePicker/WdatePicker.js
[ log ] www.nuomi123.com/static/admin/hui/lib/My97DatePicker/WdatePicker.js [运行时间：0.035002s][吞吐率：28.57req/s] [内存消耗：1,143.88kb] [文件加载：36]
[ info ] [ LANG ] E:\www\nuomi\thinkphp\lang\zh-cn.php
[ info ] [ ROUTE ] array (
  'type' => 'module',
  'module' => 
  array (
    0 => 'static',
    1 => 'admin',
    2 => 'hui',
  ),
)
[ info ] [ HEADER ] array (
  'host' => 'www.nuomi123.com',
  'user-agent' => 'Mozilla/5.0 (Windows NT 6.1; Win64; x64; rv:64.0) Gecko/20100101 Firefox/64.0',
  'accept' => '*/*',
  'accept-language' => 'zh-CN,zh;q=0.8,zh-TW;q=0.7,zh-HK;q=0.5,en-US;q=0.3,en;q=0.2',
  'accept-encoding' => 'gzip, deflate',
  'referer' => 'http://www.nuomi123.com/admin/deal/apply.html',
  'connection' => 'keep-alive',
  'cookie' => 'PHPSESSID=3qftaeggbt4mjh9i8ld8u1mns0',
)
[ info ] [ PARAM ] array (
  'lib' => 'My97DatePicker',
)
[ info ] [ LOG ] INIT File

---------------------------------------------------------------
[ 2019-01-02T17:24:05+08:00 ] 127.0.0.1 127.0.0.1 GET /admin/bis/index.html
[ log ] www.nuomi123.com/admin/bis/index.html [运行时间：0.057003s][吞吐率：17.54req/s] [内存消耗：2,573.66kb] [文件加载：60]
[ info ] [ LANG ] E:\www\nuomi\thinkphp\lang\zh-cn.php
[ info ] [ ROUTE ] array (
  'type' => 'module',
  'module' => 
  array (
    0 => 'admin',
    1 => 'bis',
    2 => 'index',
  ),
)
[ info ] [ HEADER ] array (
  'host' => 'www.nuomi123.com',
  'user-agent' => 'Mozilla/5.0 (Windows NT 6.1; Win64; x64; rv:64.0) Gecko/20100101 Firefox/64.0',
  'accept' => 'text/html,application/xhtml+xml,application/xml;q=0.9,*/*;q=0.8',
  'accept-language' => 'zh-CN,zh;q=0.8,zh-TW;q=0.7,zh-HK;q=0.5,en-US;q=0.3,en;q=0.2',
  'accept-encoding' => 'gzip, deflate',
  'referer' => 'http://www.nuomi123.com/admin',
  'connection' => 'keep-alive',
  'cookie' => 'PHPSESSID=3qftaeggbt4mjh9i8ld8u1mns0',
  'upgrade-insecure-requests' => '1',
)
[ info ] [ PARAM ] array (
)
[ info ] [ RUN ] app\admin\controller\Bis->index[ E:\www\nuomi\application\admin\controller\Bis.php ]
[ info ] [ DB ] INIT mysql
[ info ] [ VIEW ] E:\www\nuomi./application/admin\view\bis\index.html [ array (
  0 => 'bis',
) ]
[ info ] [ LOG ] INIT File

---------------------------------------------------------------
[ 2019-01-02T17:24:06+08:00 ] 127.0.0.1 127.0.0.1 GET /admin/bis/apply.html
[ log ] www.nuomi123.com/admin/bis/apply.html [运行时间：0.076004s][吞吐率：13.16req/s] [内存消耗：2,509.75kb] [文件加载：59]
[ info ] [ LANG ] E:\www\nuomi\thinkphp\lang\zh-cn.php
[ info ] [ ROUTE ] array (
  'type' => 'module',
  'module' => 
  array (
    0 => 'admin',
    1 => 'bis',
    2 => 'apply',
  ),
)
[ info ] [ HEADER ] array (
  'host' => 'www.nuomi123.com',
  'user-agent' => 'Mozilla/5.0 (Windows NT 6.1; Win64; x64; rv:64.0) Gecko/20100101 Firefox/64.0',
  'accept' => 'text/html,application/xhtml+xml,application/xml;q=0.9,*/*;q=0.8',
  'accept-language' => 'zh-CN,zh;q=0.8,zh-TW;q=0.7,zh-HK;q=0.5,en-US;q=0.3,en;q=0.2',
  'accept-encoding' => 'gzip, deflate',
  'referer' => 'http://www.nuomi123.com/admin',
  'connection' => 'keep-alive',
  'cookie' => 'PHPSESSID=3qftaeggbt4mjh9i8ld8u1mns0',
  'upgrade-insecure-requests' => '1',
)
[ info ] [ PARAM ] array (
)
[ info ] [ RUN ] app\admin\controller\Bis->apply[ E:\www\nuomi\application\admin\controller\Bis.php ]
[ info ] [ DB ] INIT mysql
[ info ] [ VIEW ] E:\www\nuomi./application/admin\view\bis\apply.html [ array (
  0 => 'bis',
) ]
[ info ] [ LOG ] INIT File

---------------------------------------------------------------
[ 2019-01-02T17:24:11+08:00 ] 127.0.0.1 127.0.0.1 GET /admin/category/index.html
[ log ] www.nuomi123.com/admin/category/index.html [运行时间：0.056003s][吞吐率：17.86req/s] [内存消耗：2,573.16kb] [文件加载：60]
[ info ] [ LANG ] E:\www\nuomi\thinkphp\lang\zh-cn.php
[ info ] [ ROUTE ] array (
  'type' => 'module',
  'module' => 
  array (
    0 => 'admin',
    1 => 'category',
    2 => 'index',
  ),
)
[ info ] [ HEADER ] array (
  'host' => 'www.nuomi123.com',
  'user-agent' => 'Mozilla/5.0 (Windows NT 6.1; Win64; x64; rv:64.0) Gecko/20100101 Firefox/64.0',
  'accept' => 'text/html,application/xhtml+xml,application/xml;q=0.9,*/*;q=0.8',
  'accept-language' => 'zh-CN,zh;q=0.8,zh-TW;q=0.7,zh-HK;q=0.5,en-US;q=0.3,en;q=0.2',
  'accept-encoding' => 'gzip, deflate',
  'referer' => 'http://www.nuomi123.com/admin',
  'connection' => 'keep-alive',
  'cookie' => 'PHPSESSID=3qftaeggbt4mjh9i8ld8u1mns0',
  'upgrade-insecure-requests' => '1',
)
[ info ] [ PARAM ] array (
)
[ info ] [ RUN ] app\admin\controller\Category->index[ E:\www\nuomi\application\admin\controller\Category.php ]
[ info ] [ DB ] INIT mysql
[ info ] [ VIEW ] E:\www\nuomi./application/admin\view\category\index.html [ array (
  0 => 'categorys',
) ]
[ info ] [ LOG ] INIT File

---------------------------------------------------------------
[ 2019-01-02T17:24:12+08:00 ] 127.0.0.1 127.0.0.1 GET /admin/index/map.html
[ log ] www.nuomi123.com/admin/index/map.html [运行时间：0.699040s][吞吐率：1.43req/s] [内存消耗：1,392.02kb] [文件加载：43]
[ info ] [ LANG ] E:\www\nuomi\thinkphp\lang\zh-cn.php
[ info ] [ ROUTE ] array (
  'type' => 'module',
  'module' => 
  array (
    0 => 'admin',
    1 => 'index',
    2 => 'map',
  ),
)
[ info ] [ HEADER ] array (
  'host' => 'www.nuomi123.com',
  'user-agent' => 'Mozilla/5.0 (Windows NT 6.1; Win64; x64; rv:64.0) Gecko/20100101 Firefox/64.0',
  'accept' => '*/*',
  'accept-language' => 'zh-CN,zh;q=0.8,zh-TW;q=0.7,zh-HK;q=0.5,en-US;q=0.3,en;q=0.2',
  'accept-encoding' => 'gzip, deflate',
  'referer' => 'http://www.nuomi123.com/admin/category/index.html',
  'connection' => 'keep-alive',
  'cookie' => 'PHPSESSID=3qftaeggbt4mjh9i8ld8u1mns0',
)
[ info ] [ PARAM ] array (
)
[ info ] [ RUN ] app\admin\controller\Index->map[ E:\www\nuomi\application\admin\controller\Index.php ]
[ info ] [ LOG ] INIT File

---------------------------------------------------------------
[ 2019-01-02T17:24:13+08:00 ] 127.0.0.1 127.0.0.1 GET /admin/index/sms.html
[ log ] www.nuomi123.com/admin/index/sms.html [运行时间：0.048003s][吞吐率：20.83req/s] [内存消耗：1,594.80kb] [文件加载：46]
[ info ] [ LANG ] E:\www\nuomi\thinkphp\lang\zh-cn.php
[ info ] [ ROUTE ] array (
  'type' => 'module',
  'module' => 
  array (
    0 => 'admin',
    1 => 'index',
    2 => 'sms',
  ),
)
[ info ] [ HEADER ] array (
  'host' => 'www.nuomi123.com',
  'user-agent' => 'Mozilla/5.0 (Windows NT 6.1; Win64; x64; rv:64.0) Gecko/20100101 Firefox/64.0',
  'accept' => 'text/html,application/xhtml+xml,application/xml;q=0.9,*/*;q=0.8',
  'accept-language' => 'zh-CN,zh;q=0.8,zh-TW;q=0.7,zh-HK;q=0.5,en-US;q=0.3,en;q=0.2',
  'accept-encoding' => 'gzip, deflate',
  'referer' => 'http://www.nuomi123.com/admin',
  'connection' => 'keep-alive',
  'cookie' => 'PHPSESSID=3qftaeggbt4mjh9i8ld8u1mns0',
  'upgrade-insecure-requests' => '1',
)
[ info ] [ PARAM ] array (
)
[ info ] [ RUN ] app\admin\controller\Index->sms[ E:\www\nuomi\application\admin\controller\Index.php ]
[ info ] [ VIEW ] E:\www\nuomi./application/admin\view\index\sms.html [ array (
) ]
[ info ] [ LOG ] INIT File

---------------------------------------------------------------
