[ 2019-02-19T17:57:52+08:00 ] 127.0.0.1 127.0.0.1 GET /
[ log ] www.nuomi123.com/ [运行时间：0.424024s][吞吐率：2.36req/s] [内存消耗：2,415.18kb] [文件加载：55]
[ info ] [ LANG ] E:\www\nuomi\thinkphp\lang\zh-cn.php
[ info ] [ ROUTE ] array (
  'type' => 'module',
  'module' => 
  array (
    0 => '',
    1 => NULL,
    2 => NULL,
  ),
)
[ info ] [ HEADER ] array (
  'host' => 'www.nuomi123.com',
  'connection' => 'keep-alive',
  'upgrade-insecure-requests' => '1',
  'user-agent' => 'Mozilla/5.0 (Windows NT 6.1; Win64; x64) AppleWebKit/537.36 (KHTML, like Gecko) Chrome/70.0.3538.110 Safari/537.36',
  'accept' => 'text/html,application/xhtml+xml,application/xml;q=0.9,image/webp,image/apng,*/*;q=0.8',
  'accept-encoding' => 'gzip, deflate',
  'accept-language' => 'zh-CN,zh;q=0.9',
)
[ info ] [ PARAM ] array (
)
[ info ] [ DB ] INIT mysql
[ info ] [ SESSION ] INIT array (
  'id' => '',
  'var_session_id' => '',
  'prefix' => 'think',
  'type' => '',
  'auto_start' => true,
)
[ info ] [ RUN ] app\index\controller\Index->index[ E:\www\nuomi\application\index\controller\Index.php ]
[ info ] [ VIEW ] E:\www\nuomi./application/index\view\index\index.html [ array (
  0 => 'citys',
  1 => 'city',
  2 => 'cats',
  3 => 'controler',
  4 => 'user',
  5 => 'title',
  6 => 'datas',
  7 => 'meishicates',
  8 => 'controller',
) ]
[ info ] [ LOG ] INIT File

---------------------------------------------------------------
[ 2019-02-19T17:57:52+08:00 ] 127.0.0.1 127.0.0.1 GET /static/index/css/common.css
[ log ] www.nuomi123.com/static/index/css/common.css [运行时间：0.020001s][吞吐率：50.00req/s] [内存消耗：1,143.35kb] [文件加载：36]
[ info ] [ LANG ] E:\www\nuomi\thinkphp\lang\zh-cn.php
[ info ] [ ROUTE ] array (
  'type' => 'module',
  'module' => 
  array (
    0 => 'static',
    1 => 'index',
    2 => 'css',
  ),
)
[ info ] [ HEADER ] array (
  'host' => 'www.nuomi123.com',
  'connection' => 'keep-alive',
  'user-agent' => 'Mozilla/5.0 (Windows NT 6.1; Win64; x64) AppleWebKit/537.36 (KHTML, like Gecko) Chrome/70.0.3538.110 Safari/537.36',
  'accept' => 'text/css,*/*;q=0.1',
  'referer' => 'http://www.nuomi123.com/',
  'accept-encoding' => 'gzip, deflate',
  'accept-language' => 'zh-CN,zh;q=0.9',
  'cookie' => 'PHPSESSID=12qrf85f7ad308d4fdmrsdsma3',
)
[ info ] [ PARAM ] array (
)
[ info ] [ LOG ] INIT File

---------------------------------------------------------------
[ 2019-02-19T17:57:52+08:00 ] 127.0.0.1 127.0.0.1 GET /static/index/css/base.css
[ log ] www.nuomi123.com/static/index/css/base.css [运行时间：0.023002s][吞吐率：43.47req/s] [内存消耗：1,143.34kb] [文件加载：36]
[ info ] [ LANG ] E:\www\nuomi\thinkphp\lang\zh-cn.php
[ info ] [ ROUTE ] array (
  'type' => 'module',
  'module' => 
  array (
    0 => 'static',
    1 => 'index',
    2 => 'css',
  ),
)
[ info ] [ HEADER ] array (
  'host' => 'www.nuomi123.com',
  'connection' => 'keep-alive',
  'user-agent' => 'Mozilla/5.0 (Windows NT 6.1; Win64; x64) AppleWebKit/537.36 (KHTML, like Gecko) Chrome/70.0.3538.110 Safari/537.36',
  'accept' => 'text/css,*/*;q=0.1',
  'referer' => 'http://www.nuomi123.com/',
  'accept-encoding' => 'gzip, deflate',
  'accept-language' => 'zh-CN,zh;q=0.9',
  'cookie' => 'PHPSESSID=12qrf85f7ad308d4fdmrsdsma3',
)
[ info ] [ PARAM ] array (
)
[ info ] [ LOG ] INIT File

---------------------------------------------------------------
[ 2019-02-19T17:57:52+08:00 ] 127.0.0.1 127.0.0.1 GET /static/index/js/jquery-1.11.3.min.js
[ log ] www.nuomi123.com/static/index/js/jquery-1.11.3.min.js [运行时间：0.013001s][吞吐率：76.92req/s] [内存消耗：1,143.48kb] [文件加载：36]
[ info ] [ LANG ] E:\www\nuomi\thinkphp\lang\zh-cn.php
[ info ] [ ROUTE ] array (
  'type' => 'module',
  'module' => 
  array (
    0 => 'static',
    1 => 'index',
    2 => 'js',
  ),
)
[ info ] [ HEADER ] array (
  'host' => 'www.nuomi123.com',
  'connection' => 'keep-alive',
  'user-agent' => 'Mozilla/5.0 (Windows NT 6.1; Win64; x64) AppleWebKit/537.36 (KHTML, like Gecko) Chrome/70.0.3538.110 Safari/537.36',
  'accept' => '*/*',
  'referer' => 'http://www.nuomi123.com/',
  'accept-encoding' => 'gzip, deflate',
  'accept-language' => 'zh-CN,zh;q=0.9',
  'cookie' => 'PHPSESSID=12qrf85f7ad308d4fdmrsdsma3',
)
[ info ] [ PARAM ] array (
)
[ info ] [ LOG ] INIT File

---------------------------------------------------------------
[ 2019-02-19T17:57:52+08:00 ] 127.0.0.1 127.0.0.1 GET /static/index/js/html5shiv.js
[ log ] www.nuomi123.com/static/index/js/html5shiv.js [运行时间：0.038002s][吞吐率：26.31req/s] [内存消耗：1,143.41kb] [文件加载：36]
[ info ] [ LANG ] E:\www\nuomi\thinkphp\lang\zh-cn.php
[ info ] [ ROUTE ] array (
  'type' => 'module',
  'module' => 
  array (
    0 => 'static',
    1 => 'index',
    2 => 'js',
  ),
)
[ info ] [ HEADER ] array (
  'host' => 'www.nuomi123.com',
  'connection' => 'keep-alive',
  'user-agent' => 'Mozilla/5.0 (Windows NT 6.1; Win64; x64) AppleWebKit/537.36 (KHTML, like Gecko) Chrome/70.0.3538.110 Safari/537.36',
  'accept' => '*/*',
  'referer' => 'http://www.nuomi123.com/',
  'accept-encoding' => 'gzip, deflate',
  'accept-language' => 'zh-CN,zh;q=0.9',
  'cookie' => 'PHPSESSID=12qrf85f7ad308d4fdmrsdsma3',
)
[ info ] [ PARAM ] array (
)
[ info ] [ LOG ] INIT File

---------------------------------------------------------------
[ 2019-02-19T17:57:52+08:00 ] 127.0.0.1 127.0.0.1 GET /static/index/js/respond.min.js
[ log ] www.nuomi123.com/static/index/js/respond.min.js [运行时间：0.033002s][吞吐率：30.30req/s] [内存消耗：1,143.38kb] [文件加载：36]
[ info ] [ LANG ] E:\www\nuomi\thinkphp\lang\zh-cn.php
[ info ] [ ROUTE ] array (
  'type' => 'module',
  'module' => 
  array (
    0 => 'static',
    1 => 'index',
    2 => 'js',
  ),
)
[ info ] [ HEADER ] array (
  'host' => 'www.nuomi123.com',
  'connection' => 'keep-alive',
  'user-agent' => 'Mozilla/5.0 (Windows NT 6.1; Win64; x64) AppleWebKit/537.36 (KHTML, like Gecko) Chrome/70.0.3538.110 Safari/537.36',
  'accept' => '*/*',
  'referer' => 'http://www.nuomi123.com/',
  'accept-encoding' => 'gzip, deflate',
  'accept-language' => 'zh-CN,zh;q=0.9',
  'cookie' => 'PHPSESSID=12qrf85f7ad308d4fdmrsdsma3',
)
[ info ] [ PARAM ] array (
)
[ info ] [ LOG ] INIT File

---------------------------------------------------------------
[ 2019-02-19T17:57:52+08:00 ] 127.0.0.1 127.0.0.1 GET /static/index/image/logo.png
[ log ] www.nuomi123.com/static/index/image/logo.png [运行时间：0.016001s][吞吐率：62.50req/s] [内存消耗：1,143.43kb] [文件加载：36]
[ info ] [ LANG ] E:\www\nuomi\thinkphp\lang\zh-cn.php
[ info ] [ ROUTE ] array (
  'type' => 'module',
  'module' => 
  array (
    0 => 'static',
    1 => 'index',
    2 => 'image',
  ),
)
[ info ] [ HEADER ] array (
  'host' => 'www.nuomi123.com',
  'connection' => 'keep-alive',
  'user-agent' => 'Mozilla/5.0 (Windows NT 6.1; Win64; x64) AppleWebKit/537.36 (KHTML, like Gecko) Chrome/70.0.3538.110 Safari/537.36',
  'accept' => 'image/webp,image/apng,image/*,*/*;q=0.8',
  'referer' => 'http://www.nuomi123.com/',
  'accept-encoding' => 'gzip, deflate',
  'accept-language' => 'zh-CN,zh;q=0.9',
  'cookie' => 'PHPSESSID=12qrf85f7ad308d4fdmrsdsma3',
)
[ info ] [ PARAM ] array (
)
[ info ] [ LOG ] INIT File

---------------------------------------------------------------
[ 2019-02-19T17:57:52+08:00 ] 127.0.0.1 127.0.0.1 GET /static/index/css/index.css
[ log ] www.nuomi123.com/static/index/css/index.css [运行时间：0.043003s][吞吐率：23.25req/s] [内存消耗：1,143.35kb] [文件加载：36]
[ info ] [ LANG ] E:\www\nuomi\thinkphp\lang\zh-cn.php
[ info ] [ ROUTE ] array (
  'type' => 'module',
  'module' => 
  array (
    0 => 'static',
    1 => 'index',
    2 => 'css',
  ),
)
[ info ] [ HEADER ] array (
  'host' => 'www.nuomi123.com',
  'connection' => 'keep-alive',
  'user-agent' => 'Mozilla/5.0 (Windows NT 6.1; Win64; x64) AppleWebKit/537.36 (KHTML, like Gecko) Chrome/70.0.3538.110 Safari/537.36',
  'accept' => 'text/css,*/*;q=0.1',
  'referer' => 'http://www.nuomi123.com/',
  'accept-encoding' => 'gzip, deflate',
  'accept-language' => 'zh-CN,zh;q=0.9',
  'cookie' => 'PHPSESSID=12qrf85f7ad308d4fdmrsdsma3',
)
[ info ] [ PARAM ] array (
)
[ info ] [ LOG ] INIT File

---------------------------------------------------------------
[ 2019-02-19T17:57:52+08:00 ] 127.0.0.1 127.0.0.1 GET /upload/20170219/ads.jpg
[ log ] www.nuomi123.com/upload/20170219/ads.jpg [运行时间：0.038002s][吞吐率：26.31req/s] [内存消耗：1,143.48kb] [文件加载：36]
[ info ] [ LANG ] E:\www\nuomi\thinkphp\lang\zh-cn.php
[ info ] [ ROUTE ] array (
  'type' => 'module',
  'module' => 
  array (
    0 => 'upload',
    1 => '20170219',
    2 => 'ads.jpg',
  ),
)
[ info ] [ HEADER ] array (
  'host' => 'www.nuomi123.com',
  'connection' => 'keep-alive',
  'user-agent' => 'Mozilla/5.0 (Windows NT 6.1; Win64; x64) AppleWebKit/537.36 (KHTML, like Gecko) Chrome/70.0.3538.110 Safari/537.36',
  'accept' => 'image/webp,image/apng,image/*,*/*;q=0.8',
  'referer' => 'http://www.nuomi123.com/',
  'accept-encoding' => 'gzip, deflate',
  'accept-language' => 'zh-CN,zh;q=0.9',
  'cookie' => 'PHPSESSID=12qrf85f7ad308d4fdmrsdsma3',
)
[ info ] [ PARAM ] array (
)
[ info ] [ LOG ] INIT File

---------------------------------------------------------------
[ 2019-02-19T17:57:52+08:00 ] 127.0.0.1 127.0.0.1 GET /static/index/js/respond.min.js
[ log ] www.nuomi123.com/static/index/js/respond.min.js [运行时间：0.045003s][吞吐率：22.22req/s] [内存消耗：1,143.38kb] [文件加载：36]
[ info ] [ LANG ] E:\www\nuomi\thinkphp\lang\zh-cn.php
[ info ] [ ROUTE ] array (
  'type' => 'module',
  'module' => 
  array (
    0 => 'static',
    1 => 'index',
    2 => 'js',
  ),
)
[ info ] [ HEADER ] array (
  'host' => 'www.nuomi123.com',
  'connection' => 'keep-alive',
  'user-agent' => 'Mozilla/5.0 (Windows NT 6.1; Win64; x64) AppleWebKit/537.36 (KHTML, like Gecko) Chrome/70.0.3538.110 Safari/537.36',
  'accept' => '*/*',
  'referer' => 'http://www.nuomi123.com/',
  'accept-encoding' => 'gzip, deflate',
  'accept-language' => 'zh-CN,zh;q=0.9',
  'cookie' => 'PHPSESSID=12qrf85f7ad308d4fdmrsdsma3',
)
[ info ] [ PARAM ] array (
)
[ info ] [ LOG ] INIT File

---------------------------------------------------------------
[ 2019-02-19T17:57:52+08:00 ] 127.0.0.1 127.0.0.1 GET /upload/20170219/datu.jpg
[ log ] www.nuomi123.com/upload/20170219/datu.jpg [运行时间：0.068004s][吞吐率：14.71req/s] [内存消耗：1,143.52kb] [文件加载：36]
[ info ] [ LANG ] E:\www\nuomi\thinkphp\lang\zh-cn.php
[ info ] [ ROUTE ] array (
  'type' => 'module',
  'module' => 
  array (
    0 => 'upload',
    1 => '20170219',
    2 => 'datu.jpg',
  ),
)
[ info ] [ HEADER ] array (
  'host' => 'www.nuomi123.com',
  'connection' => 'keep-alive',
  'user-agent' => 'Mozilla/5.0 (Windows NT 6.1; Win64; x64) AppleWebKit/537.36 (KHTML, like Gecko) Chrome/70.0.3538.110 Safari/537.36',
  'accept' => 'image/webp,image/apng,image/*,*/*;q=0.8',
  'referer' => 'http://www.nuomi123.com/',
  'accept-encoding' => 'gzip, deflate',
  'accept-language' => 'zh-CN,zh;q=0.9',
  'cookie' => 'PHPSESSID=12qrf85f7ad308d4fdmrsdsma3',
)
[ info ] [ PARAM ] array (
)
[ info ] [ LOG ] INIT File

---------------------------------------------------------------
[ 2019-02-19T17:57:52+08:00 ] 127.0.0.1 127.0.0.1 GET /static/index/js/jquery-1.11.3.min.js
[ log ] www.nuomi123.com/static/index/js/jquery-1.11.3.min.js [运行时间：0.029001s][吞吐率：34.48req/s] [内存消耗：1,143.48kb] [文件加载：36]
[ info ] [ LANG ] E:\www\nuomi\thinkphp\lang\zh-cn.php
[ info ] [ ROUTE ] array (
  'type' => 'module',
  'module' => 
  array (
    0 => 'static',
    1 => 'index',
    2 => 'js',
  ),
)
[ info ] [ HEADER ] array (
  'host' => 'www.nuomi123.com',
  'connection' => 'keep-alive',
  'user-agent' => 'Mozilla/5.0 (Windows NT 6.1; Win64; x64) AppleWebKit/537.36 (KHTML, like Gecko) Chrome/70.0.3538.110 Safari/537.36',
  'accept' => '*/*',
  'referer' => 'http://www.nuomi123.com/',
  'accept-encoding' => 'gzip, deflate',
  'accept-language' => 'zh-CN,zh;q=0.9',
  'cookie' => 'PHPSESSID=12qrf85f7ad308d4fdmrsdsma3',
)
[ info ] [ PARAM ] array (
)
[ info ] [ LOG ] INIT File

---------------------------------------------------------------
[ 2019-02-19T17:57:52+08:00 ] 127.0.0.1 127.0.0.1 GET /upload/20170219/datu.jpg
[ log ] www.nuomi123.com/upload/20170219/datu.jpg [运行时间：0.024001s][吞吐率：41.66req/s] [内存消耗：1,143.52kb] [文件加载：36]
[ info ] [ LANG ] E:\www\nuomi\thinkphp\lang\zh-cn.php
[ info ] [ ROUTE ] array (
  'type' => 'module',
  'module' => 
  array (
    0 => 'upload',
    1 => '20170219',
    2 => 'datu.jpg',
  ),
)
[ info ] [ HEADER ] array (
  'host' => 'www.nuomi123.com',
  'connection' => 'keep-alive',
  'user-agent' => 'Mozilla/5.0 (Windows NT 6.1; Win64; x64) AppleWebKit/537.36 (KHTML, like Gecko) Chrome/70.0.3538.110 Safari/537.36',
  'accept' => 'image/webp,image/apng,image/*,*/*;q=0.8',
  'referer' => 'http://www.nuomi123.com/',
  'accept-encoding' => 'gzip, deflate',
  'accept-language' => 'zh-CN,zh;q=0.9',
  'cookie' => 'PHPSESSID=12qrf85f7ad308d4fdmrsdsma3',
)
[ info ] [ PARAM ] array (
)
[ info ] [ LOG ] INIT File

---------------------------------------------------------------
[ 2019-02-19T17:57:53+08:00 ] 127.0.0.1 127.0.0.1 GET /favicon.ico
[ log ] www.nuomi123.com/favicon.ico [运行时间：0.017001s][吞吐率：58.82req/s] [内存消耗：1,143.35kb] [文件加载：36]
[ info ] [ LANG ] E:\www\nuomi\thinkphp\lang\zh-cn.php
[ info ] [ ROUTE ] array (
  'type' => 'module',
  'module' => 
  array (
    0 => 'favicon.ico',
    1 => NULL,
    2 => NULL,
  ),
)
[ info ] [ HEADER ] array (
  'host' => 'www.nuomi123.com',
  'connection' => 'keep-alive',
  'user-agent' => 'Mozilla/5.0 (Windows NT 6.1; Win64; x64) AppleWebKit/537.36 (KHTML, like Gecko) Chrome/70.0.3538.110 Safari/537.36',
  'accept' => 'image/webp,image/apng,image/*,*/*;q=0.8',
  'referer' => 'http://www.nuomi123.com/',
  'accept-encoding' => 'gzip, deflate',
  'accept-language' => 'zh-CN,zh;q=0.9',
  'cookie' => 'PHPSESSID=12qrf85f7ad308d4fdmrsdsma3',
)
[ info ] [ PARAM ] array (
)
[ info ] [ LOG ] INIT File

---------------------------------------------------------------
[ 2019-02-19T17:58:02+08:00 ] 127.0.0.1 127.0.0.1 GET /admin
[ log ] www.nuomi123.com/admin [运行时间：0.035002s][吞吐率：28.57req/s] [内存消耗：1,446.79kb] [文件加载：44]
[ info ] [ LANG ] E:\www\nuomi\thinkphp\lang\zh-cn.php
[ info ] [ ROUTE ] array (
  'type' => 'module',
  'module' => 
  array (
    0 => 'admin',
    1 => NULL,
    2 => NULL,
  ),
)
[ info ] [ HEADER ] array (
  'host' => 'www.nuomi123.com',
  'connection' => 'keep-alive',
  'upgrade-insecure-requests' => '1',
  'user-agent' => 'Mozilla/5.0 (Windows NT 6.1; Win64; x64) AppleWebKit/537.36 (KHTML, like Gecko) Chrome/70.0.3538.110 Safari/537.36',
  'accept' => 'text/html,application/xhtml+xml,application/xml;q=0.9,image/webp,image/apng,*/*;q=0.8',
  'accept-encoding' => 'gzip, deflate',
  'accept-language' => 'zh-CN,zh;q=0.9',
  'cookie' => 'PHPSESSID=12qrf85f7ad308d4fdmrsdsma3',
)
[ info ] [ PARAM ] array (
)
[ info ] [ RUN ] app\admin\controller\Index->index[ E:\www\nuomi\application\admin\controller\Index.php ]
[ info ] [ VIEW ] E:\www\nuomi./application/admin\view\index\index.html [ array (
) ]
[ info ] [ LOG ] INIT File

---------------------------------------------------------------
[ 2019-02-19T17:58:02+08:00 ] 127.0.0.1 127.0.0.1 GET /admin/index/welcome.html
[ log ] www.nuomi123.com/admin/index/welcome.html [运行时间：0.047002s][吞吐率：21.28req/s] [内存消耗：1,389.40kb] [文件加载：42]
[ info ] [ LANG ] E:\www\nuomi\thinkphp\lang\zh-cn.php
[ info ] [ ROUTE ] array (
  'type' => 'module',
  'module' => 
  array (
    0 => 'admin',
    1 => 'index',
    2 => 'welcome',
  ),
)
[ info ] [ HEADER ] array (
  'host' => 'www.nuomi123.com',
  'connection' => 'keep-alive',
  'upgrade-insecure-requests' => '1',
  'user-agent' => 'Mozilla/5.0 (Windows NT 6.1; Win64; x64) AppleWebKit/537.36 (KHTML, like Gecko) Chrome/70.0.3538.110 Safari/537.36',
  'accept' => 'text/html,application/xhtml+xml,application/xml;q=0.9,image/webp,image/apng,*/*;q=0.8',
  'referer' => 'http://www.nuomi123.com/admin',
  'accept-encoding' => 'gzip, deflate',
  'accept-language' => 'zh-CN,zh;q=0.9',
  'cookie' => 'PHPSESSID=12qrf85f7ad308d4fdmrsdsma3',
)
[ info ] [ PARAM ] array (
)
[ info ] [ RUN ] app\admin\controller\Index->welcome[ E:\www\nuomi\application\admin\controller\Index.php ]
[ info ] [ SESSION ] INIT array (
  'id' => '',
  'var_session_id' => '',
  'prefix' => 'think',
  'type' => '',
  'auto_start' => true,
)
[ info ] [ LOG ] INIT File

---------------------------------------------------------------
[ 2019-02-19T17:58:05+08:00 ] 127.0.0.1 127.0.0.1 GET /admin/category/index.html
[ log ] www.nuomi123.com/admin/category/index.html [运行时间：0.040002s][吞吐率：25.00req/s] [内存消耗：2,425.98kb] [文件加载：58]
[ info ] [ LANG ] E:\www\nuomi\thinkphp\lang\zh-cn.php
[ info ] [ ROUTE ] array (
  'type' => 'module',
  'module' => 
  array (
    0 => 'admin',
    1 => 'category',
    2 => 'index',
  ),
)
[ info ] [ HEADER ] array (
  'host' => 'www.nuomi123.com',
  'connection' => 'keep-alive',
  'upgrade-insecure-requests' => '1',
  'user-agent' => 'Mozilla/5.0 (Windows NT 6.1; Win64; x64) AppleWebKit/537.36 (KHTML, like Gecko) Chrome/70.0.3538.110 Safari/537.36',
  'accept' => 'text/html,application/xhtml+xml,application/xml;q=0.9,image/webp,image/apng,*/*;q=0.8',
  'referer' => 'http://www.nuomi123.com/admin',
  'accept-encoding' => 'gzip, deflate',
  'accept-language' => 'zh-CN,zh;q=0.9',
  'cookie' => 'PHPSESSID=12qrf85f7ad308d4fdmrsdsma3',
)
[ info ] [ PARAM ] array (
)
[ info ] [ RUN ] app\admin\controller\Category->index[ E:\www\nuomi\application\admin\controller\Category.php ]
[ info ] [ DB ] INIT mysql
[ info ] [ VIEW ] E:\www\nuomi./application/admin\view\category\index.html [ array (
  0 => 'categorys',
) ]
[ info ] [ LOG ] INIT File

---------------------------------------------------------------
[ 2019-02-19T17:58:05+08:00 ] 127.0.0.1 127.0.0.1 GET /admin/index/map.html
[ log ] www.nuomi123.com/admin/index/map.html [运行时间：0.736043s][吞吐率：1.36req/s] [内存消耗：1,392.10kb] [文件加载：43]
[ info ] [ LANG ] E:\www\nuomi\thinkphp\lang\zh-cn.php
[ info ] [ ROUTE ] array (
  'type' => 'module',
  'module' => 
  array (
    0 => 'admin',
    1 => 'index',
    2 => 'map',
  ),
)
[ info ] [ HEADER ] array (
  'host' => 'www.nuomi123.com',
  'connection' => 'keep-alive',
  'user-agent' => 'Mozilla/5.0 (Windows NT 6.1; Win64; x64) AppleWebKit/537.36 (KHTML, like Gecko) Chrome/70.0.3538.110 Safari/537.36',
  'accept' => 'image/webp,image/apng,image/*,*/*;q=0.8',
  'referer' => 'http://www.nuomi123.com/admin/category/index.html',
  'accept-encoding' => 'gzip, deflate',
  'accept-language' => 'zh-CN,zh;q=0.9',
  'cookie' => 'PHPSESSID=12qrf85f7ad308d4fdmrsdsma3',
)
[ info ] [ PARAM ] array (
)
[ info ] [ RUN ] app\admin\controller\Index->map[ E:\www\nuomi\application\admin\controller\Index.php ]
[ info ] [ LOG ] INIT File

---------------------------------------------------------------
[ 2019-02-19T17:58:07+08:00 ] 127.0.0.1 127.0.0.1 GET /admin/index/sms.html
[ log ] www.nuomi123.com/admin/index/sms.html [运行时间：0.017001s][吞吐率：58.82req/s] [内存消耗：1,447.03kb] [文件加载：44]
[ info ] [ LANG ] E:\www\nuomi\thinkphp\lang\zh-cn.php
[ info ] [ ROUTE ] array (
  'type' => 'module',
  'module' => 
  array (
    0 => 'admin',
    1 => 'index',
    2 => 'sms',
  ),
)
[ info ] [ HEADER ] array (
  'host' => 'www.nuomi123.com',
  'connection' => 'keep-alive',
  'upgrade-insecure-requests' => '1',
  'user-agent' => 'Mozilla/5.0 (Windows NT 6.1; Win64; x64) AppleWebKit/537.36 (KHTML, like Gecko) Chrome/70.0.3538.110 Safari/537.36',
  'accept' => 'text/html,application/xhtml+xml,application/xml;q=0.9,image/webp,image/apng,*/*;q=0.8',
  'referer' => 'http://www.nuomi123.com/admin',
  'accept-encoding' => 'gzip, deflate',
  'accept-language' => 'zh-CN,zh;q=0.9',
  'cookie' => 'PHPSESSID=12qrf85f7ad308d4fdmrsdsma3',
)
[ info ] [ PARAM ] array (
)
[ info ] [ RUN ] app\admin\controller\Index->sms[ E:\www\nuomi\application\admin\controller\Index.php ]
[ info ] [ VIEW ] E:\www\nuomi./application/admin\view\index\sms.html [ array (
) ]
[ info ] [ LOG ] INIT File

---------------------------------------------------------------
[ 2019-02-19T18:00:16+08:00 ] 127.0.0.1 127.0.0.1 GET /admin/category/add.html
[ log ] www.nuomi123.com/admin/category/add.html [运行时间：0.072005s][吞吐率：13.89req/s] [内存消耗：2,460.70kb] [文件加载：56]
[ info ] [ LANG ] E:\www\nuomi\thinkphp\lang\zh-cn.php
[ info ] [ ROUTE ] array (
  'type' => 'module',
  'module' => 
  array (
    0 => 'admin',
    1 => 'category',
    2 => 'add',
  ),
)
[ info ] [ HEADER ] array (
  'host' => 'www.nuomi123.com',
  'connection' => 'keep-alive',
  'upgrade-insecure-requests' => '1',
  'user-agent' => 'Mozilla/5.0 (Windows NT 6.1; Win64; x64) AppleWebKit/537.36 (KHTML, like Gecko) Chrome/70.0.3538.110 Safari/537.36',
  'accept' => 'text/html,application/xhtml+xml,application/xml;q=0.9,image/webp,image/apng,*/*;q=0.8',
  'referer' => 'http://www.nuomi123.com/admin/category/index.html',
  'accept-encoding' => 'gzip, deflate',
  'accept-language' => 'zh-CN,zh;q=0.9',
  'cookie' => 'PHPSESSID=12qrf85f7ad308d4fdmrsdsma3',
)
[ info ] [ PARAM ] array (
)
[ info ] [ RUN ] app\admin\controller\Category->add[ E:\www\nuomi\application\admin\controller\Category.php ]
[ info ] [ DB ] INIT mysql
[ info ] [ VIEW ] E:\www\nuomi./application/admin\view\category\add.html [ array (
  0 => 'categorys',
) ]
[ info ] [ LOG ] INIT File

---------------------------------------------------------------
[ 2019-02-19T18:00:23+08:00 ] 127.0.0.1 127.0.0.1 GET /admin/bis/index.html
[ log ] www.nuomi123.com/admin/bis/index.html [运行时间：0.060003s][吞吐率：16.67req/s] [内存消耗：2,429.89kb] [文件加载：58]
[ info ] [ LANG ] E:\www\nuomi\thinkphp\lang\zh-cn.php
[ info ] [ ROUTE ] array (
  'type' => 'module',
  'module' => 
  array (
    0 => 'admin',
    1 => 'bis',
    2 => 'index',
  ),
)
[ info ] [ HEADER ] array (
  'host' => 'www.nuomi123.com',
  'connection' => 'keep-alive',
  'upgrade-insecure-requests' => '1',
  'user-agent' => 'Mozilla/5.0 (Windows NT 6.1; Win64; x64) AppleWebKit/537.36 (KHTML, like Gecko) Chrome/70.0.3538.110 Safari/537.36',
  'accept' => 'text/html,application/xhtml+xml,application/xml;q=0.9,image/webp,image/apng,*/*;q=0.8',
  'referer' => 'http://www.nuomi123.com/admin',
  'accept-encoding' => 'gzip, deflate',
  'accept-language' => 'zh-CN,zh;q=0.9',
  'cookie' => 'PHPSESSID=12qrf85f7ad308d4fdmrsdsma3',
)
[ info ] [ PARAM ] array (
)
[ info ] [ RUN ] app\admin\controller\Bis->index[ E:\www\nuomi\application\admin\controller\Bis.php ]
[ info ] [ DB ] INIT mysql
[ info ] [ VIEW ] E:\www\nuomi./application/admin\view\bis\index.html [ array (
  0 => 'bis',
) ]
[ info ] [ LOG ] INIT File

---------------------------------------------------------------
[ 2019-02-19T18:00:24+08:00 ] 127.0.0.1 127.0.0.1 GET /admin/bis/apply.html
[ log ] www.nuomi123.com/admin/bis/apply.html [运行时间：0.061004s][吞吐率：16.39req/s] [内存消耗：2,366.73kb] [文件加载：57]
[ info ] [ LANG ] E:\www\nuomi\thinkphp\lang\zh-cn.php
[ info ] [ ROUTE ] array (
  'type' => 'module',
  'module' => 
  array (
    0 => 'admin',
    1 => 'bis',
    2 => 'apply',
  ),
)
[ info ] [ HEADER ] array (
  'host' => 'www.nuomi123.com',
  'connection' => 'keep-alive',
  'upgrade-insecure-requests' => '1',
  'user-agent' => 'Mozilla/5.0 (Windows NT 6.1; Win64; x64) AppleWebKit/537.36 (KHTML, like Gecko) Chrome/70.0.3538.110 Safari/537.36',
  'accept' => 'text/html,application/xhtml+xml,application/xml;q=0.9,image/webp,image/apng,*/*;q=0.8',
  'referer' => 'http://www.nuomi123.com/admin',
  'accept-encoding' => 'gzip, deflate',
  'accept-language' => 'zh-CN,zh;q=0.9',
  'cookie' => 'PHPSESSID=12qrf85f7ad308d4fdmrsdsma3',
)
[ info ] [ PARAM ] array (
)
[ info ] [ RUN ] app\admin\controller\Bis->apply[ E:\www\nuomi\application\admin\controller\Bis.php ]
[ info ] [ DB ] INIT mysql
[ info ] [ VIEW ] E:\www\nuomi./application/admin\view\bis\apply.html [ array (
  0 => 'bis',
) ]
[ info ] [ LOG ] INIT File

---------------------------------------------------------------
[ 2019-02-19T18:00:28+08:00 ] 127.0.0.1 127.0.0.1 GET /admin/deal/apply.html
[ log ] www.nuomi123.com/admin/deal/apply.html [运行时间：0.060003s][吞吐率：16.67req/s] [内存消耗：2,535.69kb] [文件加载：61]
[ info ] [ LANG ] E:\www\nuomi\thinkphp\lang\zh-cn.php
[ info ] [ ROUTE ] array (
  'type' => 'module',
  'module' => 
  array (
    0 => 'admin',
    1 => 'deal',
    2 => 'apply',
  ),
)
[ info ] [ HEADER ] array (
  'host' => 'www.nuomi123.com',
  'connection' => 'keep-alive',
  'upgrade-insecure-requests' => '1',
  'user-agent' => 'Mozilla/5.0 (Windows NT 6.1; Win64; x64) AppleWebKit/537.36 (KHTML, like Gecko) Chrome/70.0.3538.110 Safari/537.36',
  'accept' => 'text/html,application/xhtml+xml,application/xml;q=0.9,image/webp,image/apng,*/*;q=0.8',
  'referer' => 'http://www.nuomi123.com/admin',
  'accept-encoding' => 'gzip, deflate',
  'accept-language' => 'zh-CN,zh;q=0.9',
  'cookie' => 'PHPSESSID=12qrf85f7ad308d4fdmrsdsma3',
)
[ info ] [ PARAM ] array (
)
[ info ] [ RUN ] app\admin\controller\Deal->apply[ E:\www\nuomi\application\admin\controller\Deal.php ]
[ info ] [ DB ] INIT mysql
[ info ] [ VIEW ] E:\www\nuomi./application/admin\view\deal\apply.html [ array (
  0 => 'categorys',
  1 => 'citys',
  2 => 'deals',
  3 => 'category_id',
  4 => 'city_id',
  5 => 'start_time',
  6 => 'end_time',
  7 => 'name',
  8 => 'categoryArrs',
  9 => 'cityArrs',
) ]
[ info ] [ LOG ] INIT File

---------------------------------------------------------------
[ 2019-02-19T18:00:28+08:00 ] 127.0.0.1 127.0.0.1 GET /static/admin/hui/lib/My97DatePicker/WdatePicker.js
[ log ] www.nuomi123.com/static/admin/hui/lib/My97DatePicker/WdatePicker.js [运行时间：0.021001s][吞吐率：47.62req/s] [内存消耗：1,143.86kb] [文件加载：36]
[ info ] [ LANG ] E:\www\nuomi\thinkphp\lang\zh-cn.php
[ info ] [ ROUTE ] array (
  'type' => 'module',
  'module' => 
  array (
    0 => 'static',
    1 => 'admin',
    2 => 'hui',
  ),
)
[ info ] [ HEADER ] array (
  'host' => 'www.nuomi123.com',
  'connection' => 'keep-alive',
  'user-agent' => 'Mozilla/5.0 (Windows NT 6.1; Win64; x64) AppleWebKit/537.36 (KHTML, like Gecko) Chrome/70.0.3538.110 Safari/537.36',
  'accept' => '*/*',
  'referer' => 'http://www.nuomi123.com/admin/deal/apply.html',
  'accept-encoding' => 'gzip, deflate',
  'accept-language' => 'zh-CN,zh;q=0.9',
  'cookie' => 'PHPSESSID=12qrf85f7ad308d4fdmrsdsma3',
)
[ info ] [ PARAM ] array (
  'lib' => 'My97DatePicker',
)
[ info ] [ LOG ] INIT File

---------------------------------------------------------------
[ 2019-02-19T18:00:29+08:00 ] 127.0.0.1 127.0.0.1 GET /admin/deal/index.html
[ log ] www.nuomi123.com/admin/deal/index.html [运行时间：0.073004s][吞吐率：13.70req/s] [内存消耗：2,682.67kb] [文件加载：63]
[ info ] [ LANG ] E:\www\nuomi\thinkphp\lang\zh-cn.php
[ info ] [ ROUTE ] array (
  'type' => 'module',
  'module' => 
  array (
    0 => 'admin',
    1 => 'deal',
    2 => 'index',
  ),
)
[ info ] [ HEADER ] array (
  'host' => 'www.nuomi123.com',
  'connection' => 'keep-alive',
  'upgrade-insecure-requests' => '1',
  'user-agent' => 'Mozilla/5.0 (Windows NT 6.1; Win64; x64) AppleWebKit/537.36 (KHTML, like Gecko) Chrome/70.0.3538.110 Safari/537.36',
  'accept' => 'text/html,application/xhtml+xml,application/xml;q=0.9,image/webp,image/apng,*/*;q=0.8',
  'referer' => 'http://www.nuomi123.com/admin',
  'accept-encoding' => 'gzip, deflate',
  'accept-language' => 'zh-CN,zh;q=0.9',
  'cookie' => 'PHPSESSID=12qrf85f7ad308d4fdmrsdsma3',
)
[ info ] [ PARAM ] array (
)
[ info ] [ RUN ] app\admin\controller\Deal->index[ E:\www\nuomi\application\admin\controller\Deal.php ]
[ info ] [ DB ] INIT mysql
[ info ] [ VIEW ] E:\www\nuomi./application/admin\view\deal\index.html [ array (
  0 => 'categorys',
  1 => 'citys',
  2 => 'deals',
  3 => 'category_id',
  4 => 'city_id',
  5 => 'start_time',
  6 => 'end_time',
  7 => 'name',
  8 => 'categoryArrs',
  9 => 'cityArrs',
) ]
[ info ] [ LOG ] INIT File

---------------------------------------------------------------
[ 2019-02-19T18:00:29+08:00 ] 127.0.0.1 127.0.0.1 GET /static/admin/hui/lib/My97DatePicker/WdatePicker.js
[ log ] www.nuomi123.com/static/admin/hui/lib/My97DatePicker/WdatePicker.js [运行时间：0.019001s][吞吐率：52.63req/s] [内存消耗：1,143.86kb] [文件加载：36]
[ info ] [ LANG ] E:\www\nuomi\thinkphp\lang\zh-cn.php
[ info ] [ ROUTE ] array (
  'type' => 'module',
  'module' => 
  array (
    0 => 'static',
    1 => 'admin',
    2 => 'hui',
  ),
)
[ info ] [ HEADER ] array (
  'host' => 'www.nuomi123.com',
  'connection' => 'keep-alive',
  'user-agent' => 'Mozilla/5.0 (Windows NT 6.1; Win64; x64) AppleWebKit/537.36 (KHTML, like Gecko) Chrome/70.0.3538.110 Safari/537.36',
  'accept' => '*/*',
  'referer' => 'http://www.nuomi123.com/admin/deal/index.html',
  'accept-encoding' => 'gzip, deflate',
  'accept-language' => 'zh-CN,zh;q=0.9',
  'cookie' => 'PHPSESSID=12qrf85f7ad308d4fdmrsdsma3',
)
[ info ] [ PARAM ] array (
  'lib' => 'My97DatePicker',
)
[ info ] [ LOG ] INIT File

---------------------------------------------------------------
[ 2019-02-19T18:00:31+08:00 ] 127.0.0.1 127.0.0.1 GET /admin/featured/add.html
[ log ] www.nuomi123.com/admin/featured/add.html [运行时间：0.046003s][吞吐率：21.74req/s] [内存消耗：1,824.48kb] [文件加载：50]
[ info ] [ LANG ] E:\www\nuomi\thinkphp\lang\zh-cn.php
[ info ] [ ROUTE ] array (
  'type' => 'module',
  'module' => 
  array (
    0 => 'admin',
    1 => 'featured',
    2 => 'add',
  ),
)
[ info ] [ HEADER ] array (
  'host' => 'www.nuomi123.com',
  'connection' => 'keep-alive',
  'upgrade-insecure-requests' => '1',
  'user-agent' => 'Mozilla/5.0 (Windows NT 6.1; Win64; x64) AppleWebKit/537.36 (KHTML, like Gecko) Chrome/70.0.3538.110 Safari/537.36',
  'accept' => 'text/html,application/xhtml+xml,application/xml;q=0.9,image/webp,image/apng,*/*;q=0.8',
  'referer' => 'http://www.nuomi123.com/admin',
  'accept-encoding' => 'gzip, deflate',
  'accept-language' => 'zh-CN,zh;q=0.9',
  'cookie' => 'PHPSESSID=12qrf85f7ad308d4fdmrsdsma3',
)
[ info ] [ PARAM ] array (
)
[ info ] [ RUN ] app\admin\controller\Featured->add[ E:\www\nuomi\application\admin\controller\Featured.php ]
[ info ] [ VIEW ] E:\www\nuomi./application/admin\view\featured\add.html [ array (
  0 => 'types',
) ]
[ info ] [ LOG ] INIT File

---------------------------------------------------------------
[ 2019-02-19T18:00:32+08:00 ] 127.0.0.1 127.0.0.1 GET /admin/featured/index.html
[ log ] www.nuomi123.com/admin/featured/index.html [运行时间：0.055003s][吞吐率：18.18req/s] [内存消耗：2,576.49kb] [文件加载：61]
[ info ] [ LANG ] E:\www\nuomi\thinkphp\lang\zh-cn.php
[ info ] [ ROUTE ] array (
  'type' => 'module',
  'module' => 
  array (
    0 => 'admin',
    1 => 'featured',
    2 => 'index',
  ),
)
[ info ] [ HEADER ] array (
  'host' => 'www.nuomi123.com',
  'connection' => 'keep-alive',
  'upgrade-insecure-requests' => '1',
  'user-agent' => 'Mozilla/5.0 (Windows NT 6.1; Win64; x64) AppleWebKit/537.36 (KHTML, like Gecko) Chrome/70.0.3538.110 Safari/537.36',
  'accept' => 'text/html,application/xhtml+xml,application/xml;q=0.9,image/webp,image/apng,*/*;q=0.8',
  'referer' => 'http://www.nuomi123.com/admin',
  'accept-encoding' => 'gzip, deflate',
  'accept-language' => 'zh-CN,zh;q=0.9',
  'cookie' => 'PHPSESSID=12qrf85f7ad308d4fdmrsdsma3',
)
[ info ] [ PARAM ] array (
)
[ info ] [ RUN ] app\admin\controller\Featured->index[ E:\www\nuomi\application\admin\controller\Featured.php ]
[ info ] [ DB ] INIT mysql
[ info ] [ VIEW ] E:\www\nuomi./application/admin\view\featured\index.html [ array (
  0 => 'types',
  1 => 'results',
) ]
[ info ] [ LOG ] INIT File

---------------------------------------------------------------
