[ 2018-08-01T08:38:38+08:00 ] 127.0.0.1 127.0.0.1 GET /public/index.php/admin/index/sms
[ log ] www.nuomi123.com/public/index.php/admin/index/sms [运行时间：0.713041s][吞吐率：1.40req/s] [内存消耗：1,446.88kb] [文件加载：44]
[ info ] [ LANG ] E:\WWW\nuomi\thinkphp\lang\zh-cn.php
[ info ] [ ROUTE ] array (
  'type' => 'module',
  'module' => 
  array (
    0 => 'admin',
    1 => 'index',
    2 => 'sms',
  ),
)
[ info ] [ HEADER ] array (
  'host' => 'www.nuomi123.com',
  'connection' => 'keep-alive',
  'upgrade-insecure-requests' => '1',
  'user-agent' => 'Mozilla/5.0 (Windows NT 6.1; Win64; x64) AppleWebKit/537.36 (KHTML, like Gecko) Chrome/66.0.3359.139 Safari/537.36',
  'accept' => 'text/html,application/xhtml+xml,application/xml;q=0.9,image/webp,image/apng,*/*;q=0.8',
  'accept-encoding' => 'gzip, deflate',
  'accept-language' => 'zh-CN,zh;q=0.9',
)
[ info ] [ PARAM ] array (
)
[ info ] [ RUN ] app\admin\controller\Index->sms[ E:\WWW\nuomi\application\admin\controller\Index.php ]
[ info ] [ VIEW ] E:\WWW\nuomi\public/../application/admin\view\index\sms.html [ array (
) ]
[ info ] [ LOG ] INIT File

---------------------------------------------------------------
[ 2018-08-01T08:38:43+08:00 ] 127.0.0.1 127.0.0.1 GET /public/index.php/admin/index/
[ log ] www.nuomi123.com/public/index.php/admin/index/ [运行时间：0.264015s][吞吐率：3.79req/s] [内存消耗：1,446.75kb] [文件加载：44]
[ info ] [ LANG ] E:\WWW\nuomi\thinkphp\lang\zh-cn.php
[ info ] [ ROUTE ] array (
  'type' => 'module',
  'module' => 
  array (
    0 => 'admin',
    1 => 'index',
    2 => NULL,
  ),
)
[ info ] [ HEADER ] array (
  'host' => 'www.nuomi123.com',
  'connection' => 'keep-alive',
  'upgrade-insecure-requests' => '1',
  'user-agent' => 'Mozilla/5.0 (Windows NT 6.1; Win64; x64) AppleWebKit/537.36 (KHTML, like Gecko) Chrome/66.0.3359.139 Safari/537.36',
  'accept' => 'text/html,application/xhtml+xml,application/xml;q=0.9,image/webp,image/apng,*/*;q=0.8',
  'accept-encoding' => 'gzip, deflate',
  'accept-language' => 'zh-CN,zh;q=0.9',
)
[ info ] [ PARAM ] array (
)
[ info ] [ RUN ] app\admin\controller\Index->index[ E:\WWW\nuomi\application\admin\controller\Index.php ]
[ info ] [ VIEW ] E:\WWW\nuomi\public/../application/admin\view\index\index.html [ array (
) ]
[ info ] [ LOG ] INIT File

---------------------------------------------------------------
[ 2018-08-01T08:38:43+08:00 ] 127.0.0.1 127.0.0.1 GET /public/index.php/admin/index/welcome.html
[ log ] www.nuomi123.com/public/index.php/admin/index/welcome.html [运行时间：0.019001s][吞吐率：52.63req/s] [内存消耗：1,389.22kb] [文件加载：42]
[ info ] [ LANG ] E:\WWW\nuomi\thinkphp\lang\zh-cn.php
[ info ] [ ROUTE ] array (
  'type' => 'module',
  'module' => 
  array (
    0 => 'admin',
    1 => 'index',
    2 => 'welcome',
  ),
)
[ info ] [ HEADER ] array (
  'host' => 'www.nuomi123.com',
  'connection' => 'keep-alive',
  'upgrade-insecure-requests' => '1',
  'user-agent' => 'Mozilla/5.0 (Windows NT 6.1; Win64; x64) AppleWebKit/537.36 (KHTML, like Gecko) Chrome/66.0.3359.139 Safari/537.36',
  'accept' => 'text/html,application/xhtml+xml,application/xml;q=0.9,image/webp,image/apng,*/*;q=0.8',
  'referer' => 'http://www.nuomi123.com/public/index.php/admin/index/',
  'accept-encoding' => 'gzip, deflate',
  'accept-language' => 'zh-CN,zh;q=0.9',
)
[ info ] [ PARAM ] array (
)
[ info ] [ RUN ] app\admin\controller\Index->welcome[ E:\WWW\nuomi\application\admin\controller\Index.php ]
[ info ] [ SESSION ] INIT array (
  'id' => '',
  'var_session_id' => '',
  'prefix' => 'think',
  'type' => '',
  'auto_start' => true,
)
[ info ] [ LOG ] INIT File

---------------------------------------------------------------
[ 2018-08-01T08:51:52+08:00 ] 127.0.0.1 127.0.0.1 GET /public/index.php/admin/category/index.html
[ log ] www.nuomi123.com/public/index.php/admin/category/index.html [运行时间：0.420024s][吞吐率：2.38req/s] [内存消耗：2,426.16kb] [文件加载：58]
[ info ] [ LANG ] E:\WWW\nuomi\thinkphp\lang\zh-cn.php
[ info ] [ ROUTE ] array (
  'type' => 'module',
  'module' => 
  array (
    0 => 'admin',
    1 => 'category',
    2 => 'index',
  ),
)
[ info ] [ HEADER ] array (
  'host' => 'www.nuomi123.com',
  'connection' => 'keep-alive',
  'upgrade-insecure-requests' => '1',
  'user-agent' => 'Mozilla/5.0 (Windows NT 6.1; Win64; x64) AppleWebKit/537.36 (KHTML, like Gecko) Chrome/66.0.3359.139 Safari/537.36',
  'accept' => 'text/html,application/xhtml+xml,application/xml;q=0.9,image/webp,image/apng,*/*;q=0.8',
  'referer' => 'http://www.nuomi123.com/public/index.php/admin/index/',
  'accept-encoding' => 'gzip, deflate',
  'accept-language' => 'zh-CN,zh;q=0.9',
  'cookie' => 'PHPSESSID=2m473jia0i69tr69h4ng3ei7k7',
)
[ info ] [ PARAM ] array (
)
[ info ] [ RUN ] app\admin\controller\Category->index[ E:\WWW\nuomi\application\admin\controller\Category.php ]
[ info ] [ DB ] INIT mysql
[ info ] [ VIEW ] E:\WWW\nuomi\public/../application/admin\view\category\index.html [ array (
  0 => 'categorys',
) ]
[ info ] [ LOG ] INIT File

---------------------------------------------------------------
[ 2018-08-01T08:51:52+08:00 ] 127.0.0.1 127.0.0.1 GET /public/index.php/admin/index/map.html
[ log ] www.nuomi123.com/public/index.php/admin/index/map.html [运行时间：0.604034s][吞吐率：1.66req/s] [内存消耗：1,392.29kb] [文件加载：43]
[ info ] [ LANG ] E:\WWW\nuomi\thinkphp\lang\zh-cn.php
[ info ] [ ROUTE ] array (
  'type' => 'module',
  'module' => 
  array (
    0 => 'admin',
    1 => 'index',
    2 => 'map',
  ),
)
[ info ] [ HEADER ] array (
  'host' => 'www.nuomi123.com',
  'connection' => 'keep-alive',
  'user-agent' => 'Mozilla/5.0 (Windows NT 6.1; Win64; x64) AppleWebKit/537.36 (KHTML, like Gecko) Chrome/66.0.3359.139 Safari/537.36',
  'accept' => 'image/webp,image/apng,image/*,*/*;q=0.8',
  'referer' => 'http://www.nuomi123.com/public/index.php/admin/category/index.html',
  'accept-encoding' => 'gzip, deflate',
  'accept-language' => 'zh-CN,zh;q=0.9',
  'cookie' => 'PHPSESSID=2m473jia0i69tr69h4ng3ei7k7',
)
[ info ] [ PARAM ] array (
)
[ info ] [ RUN ] app\admin\controller\Index->map[ E:\WWW\nuomi\application\admin\controller\Index.php ]
[ info ] [ LOG ] INIT File

---------------------------------------------------------------
[ 2018-08-01T08:51:56+08:00 ] 127.0.0.1 127.0.0.1 GET /public/index.php/admin/category/index.html
[ log ] www.nuomi123.com/public/index.php/admin/category/index.html [运行时间：0.076604s][吞吐率：13.05req/s] [内存消耗：2,426.09kb] [文件加载：58]
[ info ] [ LANG ] E:\WWW\nuomi\thinkphp\lang\zh-cn.php
[ info ] [ ROUTE ] array (
  'type' => 'module',
  'module' => 
  array (
    0 => 'admin',
    1 => 'category',
    2 => 'index',
  ),
)
[ info ] [ HEADER ] array (
  'host' => 'www.nuomi123.com',
  'connection' => 'keep-alive',
  'upgrade-insecure-requests' => '1',
  'user-agent' => 'Mozilla/5.0 (Windows NT 6.1; Win64; x64) AppleWebKit/537.36 (KHTML, like Gecko) Chrome/66.0.3359.139 Safari/537.36',
  'accept' => 'text/html,application/xhtml+xml,application/xml;q=0.9,image/webp,image/apng,*/*;q=0.8',
  'referer' => 'http://www.nuomi123.com/public/index.php/admin/category/index.html',
  'accept-encoding' => 'gzip, deflate',
  'accept-language' => 'zh-CN,zh;q=0.9',
  'cookie' => 'PHPSESSID=2m473jia0i69tr69h4ng3ei7k7',
)
[ info ] [ PARAM ] array (
)
[ info ] [ RUN ] app\admin\controller\Category->index[ E:\WWW\nuomi\application\admin\controller\Category.php ]
[ info ] [ DB ] INIT mysql
[ info ] [ VIEW ] E:\WWW\nuomi\public/../application/admin\view\category\index.html [ array (
  0 => 'categorys',
) ]
[ info ] [ LOG ] INIT File

---------------------------------------------------------------
[ 2018-08-01T08:51:56+08:00 ] 127.0.0.1 127.0.0.1 GET /public/index.php/admin/index/map.html
[ log ] www.nuomi123.com/public/index.php/admin/index/map.html [运行时间：0.096006s][吞吐率：10.42req/s] [内存消耗：1,392.29kb] [文件加载：43]
[ info ] [ LANG ] E:\WWW\nuomi\thinkphp\lang\zh-cn.php
[ info ] [ ROUTE ] array (
  'type' => 'module',
  'module' => 
  array (
    0 => 'admin',
    1 => 'index',
    2 => 'map',
  ),
)
[ info ] [ HEADER ] array (
  'host' => 'www.nuomi123.com',
  'connection' => 'keep-alive',
  'user-agent' => 'Mozilla/5.0 (Windows NT 6.1; Win64; x64) AppleWebKit/537.36 (KHTML, like Gecko) Chrome/66.0.3359.139 Safari/537.36',
  'accept' => 'image/webp,image/apng,image/*,*/*;q=0.8',
  'referer' => 'http://www.nuomi123.com/public/index.php/admin/category/index.html',
  'accept-encoding' => 'gzip, deflate',
  'accept-language' => 'zh-CN,zh;q=0.9',
  'cookie' => 'PHPSESSID=2m473jia0i69tr69h4ng3ei7k7',
)
[ info ] [ PARAM ] array (
)
[ info ] [ RUN ] app\admin\controller\Index->map[ E:\WWW\nuomi\application\admin\controller\Index.php ]
[ info ] [ LOG ] INIT File

---------------------------------------------------------------
[ 2018-08-01T08:51:59+08:00 ] 127.0.0.1 127.0.0.1 GET /public/index.php/admin/category/edit.html?id=3
[ log ] www.nuomi123.com/public/index.php/admin/category/edit.html?id=3 [运行时间：0.107006s][吞吐率：9.35req/s] [内存消耗：2,465.38kb] [文件加载：56]
[ info ] [ LANG ] E:\WWW\nuomi\thinkphp\lang\zh-cn.php
[ info ] [ ROUTE ] array (
  'type' => 'module',
  'module' => 
  array (
    0 => 'admin',
    1 => 'category',
    2 => 'edit',
  ),
)
[ info ] [ HEADER ] array (
  'host' => 'www.nuomi123.com',
  'connection' => 'keep-alive',
  'upgrade-insecure-requests' => '1',
  'user-agent' => 'Mozilla/5.0 (Windows NT 6.1; Win64; x64) AppleWebKit/537.36 (KHTML, like Gecko) Chrome/66.0.3359.139 Safari/537.36',
  'accept' => 'text/html,application/xhtml+xml,application/xml;q=0.9,image/webp,image/apng,*/*;q=0.8',
  'referer' => 'http://www.nuomi123.com/public/index.php/admin/category/index.html',
  'accept-encoding' => 'gzip, deflate',
  'accept-language' => 'zh-CN,zh;q=0.9',
  'cookie' => 'PHPSESSID=2m473jia0i69tr69h4ng3ei7k7',
)
[ info ] [ PARAM ] array (
  'id' => '3',
)
[ info ] [ RUN ] app\admin\controller\Category->edit[ E:\WWW\nuomi\application\admin\controller\Category.php ]
[ info ] [ DB ] INIT mysql
[ info ] [ VIEW ] E:\WWW\nuomi\public/../application/admin\view\category\edit.html [ array (
  0 => 'categorys',
  1 => 'category',
) ]
[ info ] [ LOG ] INIT File

---------------------------------------------------------------
[ 2018-08-01T13:45:58+08:00 ] 127.0.0.1 127.0.0.1 GET /public/index.php/admin/index/welcome.html
[ log ] www.nuomi123.com/public/index.php/admin/index/welcome.html [运行时间：0.023001s][吞吐率：43.48req/s] [内存消耗：1,389.33kb] [文件加载：42]
[ info ] [ LANG ] E:\WWW\nuomi\thinkphp\lang\zh-cn.php
[ info ] [ ROUTE ] array (
  'type' => 'module',
  'module' => 
  array (
    0 => 'admin',
    1 => 'index',
    2 => 'welcome',
  ),
)
[ info ] [ HEADER ] array (
  'host' => 'www.nuomi123.com',
  'connection' => 'keep-alive',
  'upgrade-insecure-requests' => '1',
  'user-agent' => 'Mozilla/5.0 (Windows NT 6.1; Win64; x64) AppleWebKit/537.36 (KHTML, like Gecko) Chrome/66.0.3359.139 Safari/537.36',
  'accept' => 'text/html,application/xhtml+xml,application/xml;q=0.9,image/webp,image/apng,*/*;q=0.8',
  'referer' => 'http://www.nuomi123.com/public/index.php/admin/index/',
  'accept-encoding' => 'gzip, deflate',
  'accept-language' => 'zh-CN,zh;q=0.9',
)
[ info ] [ PARAM ] array (
)
[ info ] [ RUN ] app\admin\controller\Index->welcome[ E:\WWW\nuomi\application\admin\controller\Index.php ]
[ info ] [ SESSION ] INIT array (
  'id' => '',
  'var_session_id' => '',
  'prefix' => 'think',
  'type' => '',
  'auto_start' => true,
)
[ info ] [ LOG ] INIT File

---------------------------------------------------------------
