[ 2018-11-30T09:00:06+08:00 ] 127.0.0.1 127.0.0.1 GET /
[ log ] www.nuomi123.com/ [运行时间：0.331402s][吞吐率：3.02req/s] [内存消耗：2,415.33kb] [文件加载：55]
[ info ] [ LANG ] E:\WWW\nuomi\thinkphp\lang\zh-cn.php
[ info ] [ ROUTE ] array (
  'type' => 'module',
  'module' => 
  array (
    0 => '',
    1 => NULL,
    2 => NULL,
  ),
)
[ info ] [ HEADER ] array (
  'host' => 'www.nuomi123.com',
  'connection' => 'keep-alive',
  'purpose' => 'prefetch',
  'upgrade-insecure-requests' => '1',
  'user-agent' => 'Mozilla/5.0 (Windows NT 6.1; Win64; x64) AppleWebKit/537.36 (KHTML, like Gecko) Chrome/70.0.3538.102 Safari/537.36',
  'accept' => 'text/html,application/xhtml+xml,application/xml;q=0.9,image/webp,image/apng,*/*;q=0.8',
  'accept-encoding' => 'gzip, deflate',
  'accept-language' => 'zh-CN,zh;q=0.9',
)
[ info ] [ PARAM ] array (
)
[ info ] [ DB ] INIT mysql
[ info ] [ SESSION ] INIT array (
  'id' => '',
  'var_session_id' => '',
  'prefix' => 'think',
  'type' => '',
  'auto_start' => true,
)
[ info ] [ RUN ] app\index\controller\Index->index[ E:\WWW\nuomi\application\index\controller\Index.php ]
[ info ] [ VIEW ] E:\WWW\nuomi./application/index\view\index\index.html [ array (
  0 => 'citys',
  1 => 'city',
  2 => 'cats',
  3 => 'controler',
  4 => 'user',
  5 => 'title',
  6 => 'datas',
  7 => 'meishicates',
  8 => 'controller',
) ]
[ info ] [ LOG ] INIT File

---------------------------------------------------------------
[ 2018-11-30T09:00:08+08:00 ] 127.0.0.1 127.0.0.1 GET /
[ log ] www.nuomi123.com/ [运行时间：0.061201s][吞吐率：16.34req/s] [内存消耗：2,415.06kb] [文件加载：55]
[ info ] [ LANG ] E:\WWW\nuomi\thinkphp\lang\zh-cn.php
[ info ] [ ROUTE ] array (
  'type' => 'module',
  'module' => 
  array (
    0 => '',
    1 => NULL,
    2 => NULL,
  ),
)
[ info ] [ HEADER ] array (
  'host' => 'www.nuomi123.com',
  'connection' => 'keep-alive',
  'upgrade-insecure-requests' => '1',
  'user-agent' => 'Mozilla/5.0 (Windows NT 6.1; Win64; x64) AppleWebKit/537.36 (KHTML, like Gecko) Chrome/70.0.3538.102 Safari/537.36',
  'accept' => 'text/html,application/xhtml+xml,application/xml;q=0.9,image/webp,image/apng,*/*;q=0.8',
  'accept-encoding' => 'gzip, deflate',
  'accept-language' => 'zh-CN,zh;q=0.9',
  'cookie' => 'PHPSESSID=j0e6r1fcjsu5oohcajdah7q7n1',
)
[ info ] [ PARAM ] array (
)
[ info ] [ DB ] INIT mysql
[ info ] [ SESSION ] INIT array (
  'id' => '',
  'var_session_id' => '',
  'prefix' => 'think',
  'type' => '',
  'auto_start' => true,
)
[ info ] [ RUN ] app\index\controller\Index->index[ E:\WWW\nuomi\application\index\controller\Index.php ]
[ info ] [ VIEW ] E:\WWW\nuomi./application/index\view\index\index.html [ array (
  0 => 'citys',
  1 => 'city',
  2 => 'cats',
  3 => 'controler',
  4 => 'user',
  5 => 'title',
  6 => 'datas',
  7 => 'meishicates',
  8 => 'controller',
) ]
[ info ] [ LOG ] INIT File

---------------------------------------------------------------
[ 2018-11-30T09:00:34+08:00 ] 127.0.0.1 127.0.0.1 GET /
[ log ] www.nuomi123.com/ [运行时间：0.076004s][吞吐率：13.16req/s] [内存消耗：2,415.06kb] [文件加载：55]
[ info ] [ LANG ] E:\WWW\nuomi\thinkphp\lang\zh-cn.php
[ info ] [ ROUTE ] array (
  'type' => 'module',
  'module' => 
  array (
    0 => '',
    1 => NULL,
    2 => NULL,
  ),
)
[ info ] [ HEADER ] array (
  'host' => 'www.nuomi123.com',
  'connection' => 'keep-alive',
  'upgrade-insecure-requests' => '1',
  'user-agent' => 'Mozilla/5.0 (Windows NT 6.1; Win64; x64) AppleWebKit/537.36 (KHTML, like Gecko) Chrome/70.0.3538.102 Safari/537.36',
  'accept' => 'text/html,application/xhtml+xml,application/xml;q=0.9,image/webp,image/apng,*/*;q=0.8',
  'accept-encoding' => 'gzip, deflate',
  'accept-language' => 'zh-CN,zh;q=0.9',
  'cookie' => 'PHPSESSID=j0e6r1fcjsu5oohcajdah7q7n1',
)
[ info ] [ PARAM ] array (
)
[ info ] [ DB ] INIT mysql
[ info ] [ SESSION ] INIT array (
  'id' => '',
  'var_session_id' => '',
  'prefix' => 'think',
  'type' => '',
  'auto_start' => true,
)
[ info ] [ RUN ] app\index\controller\Index->index[ E:\WWW\nuomi\application\index\controller\Index.php ]
[ info ] [ VIEW ] E:\WWW\nuomi./application/index\view\index\index.html [ array (
  0 => 'citys',
  1 => 'city',
  2 => 'cats',
  3 => 'controler',
  4 => 'user',
  5 => 'title',
  6 => 'datas',
  7 => 'meishicates',
  8 => 'controller',
) ]
[ info ] [ LOG ] INIT File

---------------------------------------------------------------
[ 2018-11-30T09:00:39+08:00 ] 127.0.0.1 127.0.0.1 GET /
[ log ] www.nuomi123.com/ [运行时间：0.058602s][吞吐率：17.06req/s] [内存消耗：2,415.43kb] [文件加载：55]
[ info ] [ LANG ] E:\WWW\nuomi\thinkphp\lang\zh-cn.php
[ info ] [ ROUTE ] array (
  'type' => 'module',
  'module' => 
  array (
    0 => '',
    1 => NULL,
    2 => NULL,
  ),
)
[ info ] [ HEADER ] array (
  'host' => 'www.nuomi123.com',
  'connection' => 'keep-alive',
  'cache-control' => 'max-age=0',
  'upgrade-insecure-requests' => '1',
  'user-agent' => 'Mozilla/5.0 (Windows NT 6.1; Win64; x64) AppleWebKit/537.36 (KHTML, like Gecko) Chrome/70.0.3538.102 Safari/537.36',
  'accept' => 'text/html,application/xhtml+xml,application/xml;q=0.9,image/webp,image/apng,*/*;q=0.8',
  'accept-encoding' => 'gzip, deflate',
  'accept-language' => 'zh-CN,zh;q=0.9',
  'cookie' => 'PHPSESSID=j0e6r1fcjsu5oohcajdah7q7n1',
)
[ info ] [ PARAM ] array (
)
[ info ] [ DB ] INIT mysql
[ info ] [ SESSION ] INIT array (
  'id' => '',
  'var_session_id' => '',
  'prefix' => 'think',
  'type' => '',
  'auto_start' => true,
)
[ info ] [ RUN ] app\index\controller\Index->index[ E:\WWW\nuomi\application\index\controller\Index.php ]
[ info ] [ VIEW ] E:\WWW\nuomi./application/index\view\index\index.html [ array (
  0 => 'citys',
  1 => 'city',
  2 => 'cats',
  3 => 'controler',
  4 => 'user',
  5 => 'title',
  6 => 'datas',
  7 => 'meishicates',
  8 => 'controller',
) ]
[ info ] [ LOG ] INIT File

---------------------------------------------------------------
[ 2018-11-30T09:02:10+08:00 ] 127.0.0.1 127.0.0.1 GET /index.php/api/index
[ log ] www.nuomi123.com/index.php/api/index [运行时间：0.062202s][吞吐率：16.08req/s] [内存消耗：1,124.07kb] [文件加载：37]
[ info ] [ LANG ] E:\WWW\nuomi\thinkphp\lang\zh-cn.php
[ info ] [ ROUTE ] array (
  'type' => 'module',
  'module' => 
  array (
    0 => 'api',
    1 => 'index',
    2 => NULL,
  ),
)
[ info ] [ HEADER ] array (
  'host' => 'www.nuomi123.com',
  'connection' => 'keep-alive',
  'upgrade-insecure-requests' => '1',
  'user-agent' => 'Mozilla/5.0 (Windows NT 6.1; Win64; x64) AppleWebKit/537.36 (KHTML, like Gecko) Chrome/70.0.3538.102 Safari/537.36',
  'accept' => 'text/html,application/xhtml+xml,application/xml;q=0.9,image/webp,image/apng,*/*;q=0.8',
  'accept-encoding' => 'gzip, deflate',
  'accept-language' => 'zh-CN,zh;q=0.9',
  'cookie' => 'PHPSESSID=j0e6r1fcjsu5oohcajdah7q7n1',
)
[ info ] [ PARAM ] array (
)
[ info ] [ RUN ] app\api\controller\Index->index[ E:\WWW\nuomi\application\api\controller\Index.php ]
[ info ] [ LOG ] INIT File

---------------------------------------------------------------
[ 2018-11-30T09:02:10+08:00 ] 127.0.0.1 127.0.0.1 GET /index.php/api/index
[ log ] www.nuomi123.com/index.php/api/index [运行时间：0.016000s][吞吐率：62.50req/s] [内存消耗：1,123.81kb] [文件加载：37]
[ info ] [ LANG ] E:\WWW\nuomi\thinkphp\lang\zh-cn.php
[ info ] [ ROUTE ] array (
  'type' => 'module',
  'module' => 
  array (
    0 => 'api',
    1 => 'index',
    2 => NULL,
  ),
)
[ info ] [ HEADER ] array (
  'host' => 'www.nuomi123.com',
  'connection' => 'keep-alive',
  'accept' => 'text/plain',
  'user-agent' => 'Mozilla/5.0 (Windows NT 6.1; Win64; x64) AppleWebKit/537.36 (KHTML, like Gecko) Chrome/70.0.3538.102 Safari/537.36',
  'accept-encoding' => 'gzip, deflate',
  'accept-language' => 'zh-CN,zh;q=0.9',
  'cookie' => 'PHPSESSID=j0e6r1fcjsu5oohcajdah7q7n1',
)
[ info ] [ PARAM ] array (
)
[ info ] [ RUN ] app\api\controller\Index->index[ E:\WWW\nuomi\application\api\controller\Index.php ]
[ info ] [ LOG ] INIT File

---------------------------------------------------------------
[ 2018-11-30T09:04:10+08:00 ] 127.0.0.1 127.0.0.1 GET /index.php/api/index
[ log ] www.nuomi123.com/index.php/api/index [运行时间：0.033200s][吞吐率：30.12req/s] [内存消耗：1,116.13kb] [文件加载：36]
[ info ] [ LANG ] E:\WWW\nuomi\thinkphp\lang\zh-cn.php
[ info ] [ ROUTE ] array (
  'type' => 'module',
  'module' => 
  array (
    0 => 'api',
    1 => 'index',
    2 => NULL,
  ),
)
[ info ] [ HEADER ] array (
  'host' => 'www.nuomi123.com',
  'connection' => 'keep-alive',
  'cache-control' => 'max-age=0',
  'upgrade-insecure-requests' => '1',
  'user-agent' => 'Mozilla/5.0 (Windows NT 6.1; Win64; x64) AppleWebKit/537.36 (KHTML, like Gecko) Chrome/70.0.3538.102 Safari/537.36',
  'accept' => 'text/html,application/xhtml+xml,application/xml;q=0.9,image/webp,image/apng,*/*;q=0.8',
  'accept-encoding' => 'gzip, deflate',
  'accept-language' => 'zh-CN,zh;q=0.9',
  'cookie' => 'PHPSESSID=j0e6r1fcjsu5oohcajdah7q7n1',
)
[ info ] [ PARAM ] array (
)
[ info ] [ RUN ] app\api\controller\Index->index[ E:\WWW\nuomi\application\api\controller\Index.php ]
[ info ] [ LOG ] INIT File

---------------------------------------------------------------
[ 2018-11-30T09:04:17+08:00 ] 127.0.0.1 127.0.0.1 GET /index.php/api/index
[ log ] www.nuomi123.com/index.php/api/index [运行时间：0.015600s][吞吐率：64.10req/s] [内存消耗：1,124.35kb] [文件加载：37]
[ info ] [ LANG ] E:\WWW\nuomi\thinkphp\lang\zh-cn.php
[ info ] [ ROUTE ] array (
  'type' => 'module',
  'module' => 
  array (
    0 => 'api',
    1 => 'index',
    2 => NULL,
  ),
)
[ info ] [ HEADER ] array (
  'host' => 'www.nuomi123.com',
  'connection' => 'keep-alive',
  'cache-control' => 'max-age=0',
  'upgrade-insecure-requests' => '1',
  'user-agent' => 'Mozilla/5.0 (Windows NT 6.1; Win64; x64) AppleWebKit/537.36 (KHTML, like Gecko) Chrome/70.0.3538.102 Safari/537.36',
  'accept' => 'text/html,application/xhtml+xml,application/xml;q=0.9,image/webp,image/apng,*/*;q=0.8',
  'accept-encoding' => 'gzip, deflate',
  'accept-language' => 'zh-CN,zh;q=0.9',
  'cookie' => 'PHPSESSID=j0e6r1fcjsu5oohcajdah7q7n1; pgv_pvi=7202243584; pgv_si=s1446891520',
)
[ info ] [ PARAM ] array (
)
[ info ] [ RUN ] app\api\controller\Index->index[ E:\WWW\nuomi\application\api\controller\Index.php ]
[ info ] [ LOG ] INIT File

---------------------------------------------------------------
[ 2018-11-30T09:04:17+08:00 ] 127.0.0.1 127.0.0.1 GET /index.php/api/index
[ log ] www.nuomi123.com/index.php/api/index [运行时间：0.015000s][吞吐率：66.67req/s] [内存消耗：1,123.82kb] [文件加载：37]
[ info ] [ LANG ] E:\WWW\nuomi\thinkphp\lang\zh-cn.php
[ info ] [ ROUTE ] array (
  'type' => 'module',
  'module' => 
  array (
    0 => 'api',
    1 => 'index',
    2 => NULL,
  ),
)
[ info ] [ HEADER ] array (
  'host' => 'www.nuomi123.com',
  'connection' => 'keep-alive',
  'accept' => 'text/plain',
  'user-agent' => 'Mozilla/5.0 (Windows NT 6.1; Win64; x64) AppleWebKit/537.36 (KHTML, like Gecko) Chrome/70.0.3538.102 Safari/537.36',
  'accept-encoding' => 'gzip, deflate',
  'accept-language' => 'zh-CN,zh;q=0.9',
  'cookie' => 'PHPSESSID=j0e6r1fcjsu5oohcajdah7q7n1; pgv_pvi=7202243584; pgv_si=s1446891520',
)
[ info ] [ PARAM ] array (
)
[ info ] [ RUN ] app\api\controller\Index->index[ E:\WWW\nuomi\application\api\controller\Index.php ]
[ info ] [ LOG ] INIT File

---------------------------------------------------------------
