[ 2019-03-11T17:45:19+08:00 ] 127.0.0.1 127.0.0.1 GET /
[ log ] www.nuomi123.com/ [运行时间：0.167009s][吞吐率：5.99req/s] [内存消耗：2,415.20kb] [文件加载：55]
[ info ] [ LANG ] E:\www\nuomi\thinkphp\lang\zh-cn.php
[ info ] [ ROUTE ] array (
  'type' => 'module',
  'module' => 
  array (
    0 => '',
    1 => NULL,
    2 => NULL,
  ),
)
[ info ] [ HEADER ] array (
  'host' => 'www.nuomi123.com',
  'connection' => 'keep-alive',
  'upgrade-insecure-requests' => '1',
  'user-agent' => 'Mozilla/5.0 (Windows NT 6.1; Win64; x64) AppleWebKit/537.36 (KHTML, like Gecko) Chrome/70.0.3538.110 Safari/537.36',
  'accept' => 'text/html,application/xhtml+xml,application/xml;q=0.9,image/webp,image/apng,*/*;q=0.8',
  'accept-encoding' => 'gzip, deflate',
  'accept-language' => 'zh-CN,zh;q=0.9',
)
[ info ] [ PARAM ] array (
)
[ info ] [ DB ] INIT mysql
[ info ] [ SESSION ] INIT array (
  'id' => '',
  'var_session_id' => '',
  'prefix' => 'think',
  'type' => '',
  'auto_start' => true,
)
[ info ] [ RUN ] app\index\controller\Index->index[ E:\www\nuomi\application\index\controller\Index.php ]
[ info ] [ VIEW ] E:\www\nuomi./application/index\view\index\index.html [ array (
  0 => 'citys',
  1 => 'city',
  2 => 'cats',
  3 => 'controler',
  4 => 'user',
  5 => 'title',
  6 => 'datas',
  7 => 'meishicates',
  8 => 'controller',
) ]
[ info ] [ LOG ] INIT File

---------------------------------------------------------------
[ 2019-03-11T17:45:19+08:00 ] 127.0.0.1 127.0.0.1 GET /static/index/css/common.css
[ log ] www.nuomi123.com/static/index/css/common.css [运行时间：0.033001s][吞吐率：30.30req/s] [内存消耗：1,143.45kb] [文件加载：36]
[ info ] [ LANG ] E:\www\nuomi\thinkphp\lang\zh-cn.php
[ info ] [ ROUTE ] array (
  'type' => 'module',
  'module' => 
  array (
    0 => 'static',
    1 => 'index',
    2 => 'css',
  ),
)
[ info ] [ HEADER ] array (
  'host' => 'www.nuomi123.com',
  'connection' => 'keep-alive',
  'user-agent' => 'Mozilla/5.0 (Windows NT 6.1; Win64; x64) AppleWebKit/537.36 (KHTML, like Gecko) Chrome/70.0.3538.110 Safari/537.36',
  'accept' => 'text/css,*/*;q=0.1',
  'referer' => 'http://www.nuomi123.com/',
  'accept-encoding' => 'gzip, deflate',
  'accept-language' => 'zh-CN,zh;q=0.9',
  'cookie' => 'PHPSESSID=8vm6nenj5vb1sjidle8ugj2di2',
)
[ info ] [ PARAM ] array (
)
[ info ] [ LOG ] INIT File

---------------------------------------------------------------
[ 2019-03-11T17:45:19+08:00 ] 127.0.0.1 127.0.0.1 GET /static/index/js/respond.min.js
[ log ] www.nuomi123.com/static/index/js/respond.min.js [运行时间：0.041002s][吞吐率：24.39req/s] [内存消耗：1,143.48kb] [文件加载：36]
[ info ] [ LANG ] E:\www\nuomi\thinkphp\lang\zh-cn.php
[ info ] [ ROUTE ] array (
  'type' => 'module',
  'module' => 
  array (
    0 => 'static',
    1 => 'index',
    2 => 'js',
  ),
)
[ info ] [ HEADER ] array (
  'host' => 'www.nuomi123.com',
  'connection' => 'keep-alive',
  'user-agent' => 'Mozilla/5.0 (Windows NT 6.1; Win64; x64) AppleWebKit/537.36 (KHTML, like Gecko) Chrome/70.0.3538.110 Safari/537.36',
  'accept' => '*/*',
  'referer' => 'http://www.nuomi123.com/',
  'accept-encoding' => 'gzip, deflate',
  'accept-language' => 'zh-CN,zh;q=0.9',
  'cookie' => 'PHPSESSID=8vm6nenj5vb1sjidle8ugj2di2',
)
[ info ] [ PARAM ] array (
)
[ info ] [ LOG ] INIT File

---------------------------------------------------------------
[ 2019-03-11T17:45:19+08:00 ] 127.0.0.1 127.0.0.1 GET /static/index/css/base.css
[ log ] www.nuomi123.com/static/index/css/base.css [运行时间：0.061003s][吞吐率：16.39req/s] [内存消耗：1,143.45kb] [文件加载：36]
[ info ] [ LANG ] E:\www\nuomi\thinkphp\lang\zh-cn.php
[ info ] [ ROUTE ] array (
  'type' => 'module',
  'module' => 
  array (
    0 => 'static',
    1 => 'index',
    2 => 'css',
  ),
)
[ info ] [ HEADER ] array (
  'host' => 'www.nuomi123.com',
  'connection' => 'keep-alive',
  'user-agent' => 'Mozilla/5.0 (Windows NT 6.1; Win64; x64) AppleWebKit/537.36 (KHTML, like Gecko) Chrome/70.0.3538.110 Safari/537.36',
  'accept' => 'text/css,*/*;q=0.1',
  'referer' => 'http://www.nuomi123.com/',
  'accept-encoding' => 'gzip, deflate',
  'accept-language' => 'zh-CN,zh;q=0.9',
  'cookie' => 'PHPSESSID=8vm6nenj5vb1sjidle8ugj2di2',
)
[ info ] [ PARAM ] array (
)
[ info ] [ LOG ] INIT File

---------------------------------------------------------------
[ 2019-03-11T17:45:19+08:00 ] 127.0.0.1 127.0.0.1 GET /static/index/js/html5shiv.js
[ log ] www.nuomi123.com/static/index/js/html5shiv.js [运行时间：0.074004s][吞吐率：13.51req/s] [内存消耗：1,143.44kb] [文件加载：36]
[ info ] [ LANG ] E:\www\nuomi\thinkphp\lang\zh-cn.php
[ info ] [ ROUTE ] array (
  'type' => 'module',
  'module' => 
  array (
    0 => 'static',
    1 => 'index',
    2 => 'js',
  ),
)
[ info ] [ HEADER ] array (
  'host' => 'www.nuomi123.com',
  'connection' => 'keep-alive',
  'user-agent' => 'Mozilla/5.0 (Windows NT 6.1; Win64; x64) AppleWebKit/537.36 (KHTML, like Gecko) Chrome/70.0.3538.110 Safari/537.36',
  'accept' => '*/*',
  'referer' => 'http://www.nuomi123.com/',
  'accept-encoding' => 'gzip, deflate',
  'accept-language' => 'zh-CN,zh;q=0.9',
  'cookie' => 'PHPSESSID=8vm6nenj5vb1sjidle8ugj2di2',
)
[ info ] [ PARAM ] array (
)
[ info ] [ LOG ] INIT File

---------------------------------------------------------------
[ 2019-03-11T17:45:19+08:00 ] 127.0.0.1 127.0.0.1 GET /static/index/css/index.css
[ log ] www.nuomi123.com/static/index/css/index.css [运行时间：0.065004s][吞吐率：15.38req/s] [内存消耗：1,143.45kb] [文件加载：36]
[ info ] [ LANG ] E:\www\nuomi\thinkphp\lang\zh-cn.php
[ info ] [ ROUTE ] array (
  'type' => 'module',
  'module' => 
  array (
    0 => 'static',
    1 => 'index',
    2 => 'css',
  ),
)
[ info ] [ HEADER ] array (
  'host' => 'www.nuomi123.com',
  'connection' => 'keep-alive',
  'user-agent' => 'Mozilla/5.0 (Windows NT 6.1; Win64; x64) AppleWebKit/537.36 (KHTML, like Gecko) Chrome/70.0.3538.110 Safari/537.36',
  'accept' => 'text/css,*/*;q=0.1',
  'referer' => 'http://www.nuomi123.com/',
  'accept-encoding' => 'gzip, deflate',
  'accept-language' => 'zh-CN,zh;q=0.9',
  'cookie' => 'PHPSESSID=8vm6nenj5vb1sjidle8ugj2di2',
)
[ info ] [ PARAM ] array (
)
[ info ] [ LOG ] INIT File

---------------------------------------------------------------
[ 2019-03-11T17:45:19+08:00 ] 127.0.0.1 127.0.0.1 GET /static/index/image/logo.png
[ log ] www.nuomi123.com/static/index/image/logo.png [运行时间：0.036002s][吞吐率：27.78req/s] [内存消耗：1,143.44kb] [文件加载：36]
[ info ] [ LANG ] E:\www\nuomi\thinkphp\lang\zh-cn.php
[ info ] [ ROUTE ] array (
  'type' => 'module',
  'module' => 
  array (
    0 => 'static',
    1 => 'index',
    2 => 'image',
  ),
)
[ info ] [ HEADER ] array (
  'host' => 'www.nuomi123.com',
  'connection' => 'keep-alive',
  'user-agent' => 'Mozilla/5.0 (Windows NT 6.1; Win64; x64) AppleWebKit/537.36 (KHTML, like Gecko) Chrome/70.0.3538.110 Safari/537.36',
  'accept' => 'image/webp,image/apng,image/*,*/*;q=0.8',
  'referer' => 'http://www.nuomi123.com/',
  'accept-encoding' => 'gzip, deflate',
  'accept-language' => 'zh-CN,zh;q=0.9',
  'cookie' => 'PHPSESSID=8vm6nenj5vb1sjidle8ugj2di2',
)
[ info ] [ PARAM ] array (
)
[ info ] [ LOG ] INIT File

---------------------------------------------------------------
[ 2019-03-11T17:45:19+08:00 ] 127.0.0.1 127.0.0.1 GET /static/index/js/jquery-1.11.3.min.js
[ log ] www.nuomi123.com/static/index/js/jquery-1.11.3.min.js [运行时间：0.052003s][吞吐率：19.23req/s] [内存消耗：1,143.52kb] [文件加载：36]
[ info ] [ LANG ] E:\www\nuomi\thinkphp\lang\zh-cn.php
[ info ] [ ROUTE ] array (
  'type' => 'module',
  'module' => 
  array (
    0 => 'static',
    1 => 'index',
    2 => 'js',
  ),
)
[ info ] [ HEADER ] array (
  'host' => 'www.nuomi123.com',
  'connection' => 'keep-alive',
  'user-agent' => 'Mozilla/5.0 (Windows NT 6.1; Win64; x64) AppleWebKit/537.36 (KHTML, like Gecko) Chrome/70.0.3538.110 Safari/537.36',
  'accept' => '*/*',
  'referer' => 'http://www.nuomi123.com/',
  'accept-encoding' => 'gzip, deflate',
  'accept-language' => 'zh-CN,zh;q=0.9',
  'cookie' => 'PHPSESSID=8vm6nenj5vb1sjidle8ugj2di2',
)
[ info ] [ PARAM ] array (
)
[ info ] [ LOG ] INIT File

---------------------------------------------------------------
[ 2019-03-11T17:45:19+08:00 ] 127.0.0.1 127.0.0.1 GET /upload/20170219/datu.jpg
[ log ] www.nuomi123.com/upload/20170219/datu.jpg [运行时间：0.024001s][吞吐率：41.67req/s] [内存消耗：1,143.52kb] [文件加载：36]
[ info ] [ LANG ] E:\www\nuomi\thinkphp\lang\zh-cn.php
[ info ] [ ROUTE ] array (
  'type' => 'module',
  'module' => 
  array (
    0 => 'upload',
    1 => '20170219',
    2 => 'datu.jpg',
  ),
)
[ info ] [ HEADER ] array (
  'host' => 'www.nuomi123.com',
  'connection' => 'keep-alive',
  'user-agent' => 'Mozilla/5.0 (Windows NT 6.1; Win64; x64) AppleWebKit/537.36 (KHTML, like Gecko) Chrome/70.0.3538.110 Safari/537.36',
  'accept' => 'image/webp,image/apng,image/*,*/*;q=0.8',
  'referer' => 'http://www.nuomi123.com/',
  'accept-encoding' => 'gzip, deflate',
  'accept-language' => 'zh-CN,zh;q=0.9',
  'cookie' => 'PHPSESSID=8vm6nenj5vb1sjidle8ugj2di2',
)
[ info ] [ PARAM ] array (
)
[ info ] [ LOG ] INIT File

---------------------------------------------------------------
[ 2019-03-11T17:45:19+08:00 ] 127.0.0.1 127.0.0.1 GET /static/index/js/respond.min.js
[ log ] www.nuomi123.com/static/index/js/respond.min.js [运行时间：0.022001s][吞吐率：45.45req/s] [内存消耗：1,143.48kb] [文件加载：36]
[ info ] [ LANG ] E:\www\nuomi\thinkphp\lang\zh-cn.php
[ info ] [ ROUTE ] array (
  'type' => 'module',
  'module' => 
  array (
    0 => 'static',
    1 => 'index',
    2 => 'js',
  ),
)
[ info ] [ HEADER ] array (
  'host' => 'www.nuomi123.com',
  'connection' => 'keep-alive',
  'user-agent' => 'Mozilla/5.0 (Windows NT 6.1; Win64; x64) AppleWebKit/537.36 (KHTML, like Gecko) Chrome/70.0.3538.110 Safari/537.36',
  'accept' => '*/*',
  'referer' => 'http://www.nuomi123.com/',
  'accept-encoding' => 'gzip, deflate',
  'accept-language' => 'zh-CN,zh;q=0.9',
  'cookie' => 'PHPSESSID=8vm6nenj5vb1sjidle8ugj2di2',
)
[ info ] [ PARAM ] array (
)
[ info ] [ LOG ] INIT File

---------------------------------------------------------------
[ 2019-03-11T17:45:19+08:00 ] 127.0.0.1 127.0.0.1 GET /upload/20170219/ads.jpg
[ log ] www.nuomi123.com/upload/20170219/ads.jpg [运行时间：0.027001s][吞吐率：37.04req/s] [内存消耗：1,143.52kb] [文件加载：36]
[ info ] [ LANG ] E:\www\nuomi\thinkphp\lang\zh-cn.php
[ info ] [ ROUTE ] array (
  'type' => 'module',
  'module' => 
  array (
    0 => 'upload',
    1 => '20170219',
    2 => 'ads.jpg',
  ),
)
[ info ] [ HEADER ] array (
  'host' => 'www.nuomi123.com',
  'connection' => 'keep-alive',
  'user-agent' => 'Mozilla/5.0 (Windows NT 6.1; Win64; x64) AppleWebKit/537.36 (KHTML, like Gecko) Chrome/70.0.3538.110 Safari/537.36',
  'accept' => 'image/webp,image/apng,image/*,*/*;q=0.8',
  'referer' => 'http://www.nuomi123.com/',
  'accept-encoding' => 'gzip, deflate',
  'accept-language' => 'zh-CN,zh;q=0.9',
  'cookie' => 'PHPSESSID=8vm6nenj5vb1sjidle8ugj2di2',
)
[ info ] [ PARAM ] array (
)
[ info ] [ LOG ] INIT File

---------------------------------------------------------------
[ 2019-03-11T17:45:19+08:00 ] 127.0.0.1 127.0.0.1 GET /static/index/js/jquery-1.11.3.min.js
[ log ] www.nuomi123.com/static/index/js/jquery-1.11.3.min.js [运行时间：0.023002s][吞吐率：43.47req/s] [内存消耗：1,143.52kb] [文件加载：36]
[ info ] [ LANG ] E:\www\nuomi\thinkphp\lang\zh-cn.php
[ info ] [ ROUTE ] array (
  'type' => 'module',
  'module' => 
  array (
    0 => 'static',
    1 => 'index',
    2 => 'js',
  ),
)
[ info ] [ HEADER ] array (
  'host' => 'www.nuomi123.com',
  'connection' => 'keep-alive',
  'user-agent' => 'Mozilla/5.0 (Windows NT 6.1; Win64; x64) AppleWebKit/537.36 (KHTML, like Gecko) Chrome/70.0.3538.110 Safari/537.36',
  'accept' => '*/*',
  'referer' => 'http://www.nuomi123.com/',
  'accept-encoding' => 'gzip, deflate',
  'accept-language' => 'zh-CN,zh;q=0.9',
  'cookie' => 'PHPSESSID=8vm6nenj5vb1sjidle8ugj2di2',
)
[ info ] [ PARAM ] array (
)
[ info ] [ LOG ] INIT File

---------------------------------------------------------------
[ 2019-03-11T17:45:19+08:00 ] 127.0.0.1 127.0.0.1 GET /upload/20170219/datu.jpg
[ log ] www.nuomi123.com/upload/20170219/datu.jpg [运行时间：0.031001s][吞吐率：32.26req/s] [内存消耗：1,143.52kb] [文件加载：36]
[ info ] [ LANG ] E:\www\nuomi\thinkphp\lang\zh-cn.php
[ info ] [ ROUTE ] array (
  'type' => 'module',
  'module' => 
  array (
    0 => 'upload',
    1 => '20170219',
    2 => 'datu.jpg',
  ),
)
[ info ] [ HEADER ] array (
  'host' => 'www.nuomi123.com',
  'connection' => 'keep-alive',
  'user-agent' => 'Mozilla/5.0 (Windows NT 6.1; Win64; x64) AppleWebKit/537.36 (KHTML, like Gecko) Chrome/70.0.3538.110 Safari/537.36',
  'accept' => 'image/webp,image/apng,image/*,*/*;q=0.8',
  'referer' => 'http://www.nuomi123.com/',
  'accept-encoding' => 'gzip, deflate',
  'accept-language' => 'zh-CN,zh;q=0.9',
  'cookie' => 'PHPSESSID=8vm6nenj5vb1sjidle8ugj2di2',
)
[ info ] [ PARAM ] array (
)
[ info ] [ LOG ] INIT File

---------------------------------------------------------------
[ 2019-03-11T17:45:19+08:00 ] 127.0.0.1 127.0.0.1 GET /favicon.ico
[ log ] www.nuomi123.com/favicon.ico [运行时间：0.020001s][吞吐率：50.00req/s] [内存消耗：1,143.30kb] [文件加载：36]
[ info ] [ LANG ] E:\www\nuomi\thinkphp\lang\zh-cn.php
[ info ] [ ROUTE ] array (
  'type' => 'module',
  'module' => 
  array (
    0 => 'favicon.ico',
    1 => NULL,
    2 => NULL,
  ),
)
[ info ] [ HEADER ] array (
  'host' => 'www.nuomi123.com',
  'connection' => 'keep-alive',
  'user-agent' => 'Mozilla/5.0 (Windows NT 6.1; Win64; x64) AppleWebKit/537.36 (KHTML, like Gecko) Chrome/70.0.3538.110 Safari/537.36',
  'accept' => 'image/webp,image/apng,image/*,*/*;q=0.8',
  'referer' => 'http://www.nuomi123.com/',
  'accept-encoding' => 'gzip, deflate',
  'accept-language' => 'zh-CN,zh;q=0.9',
  'cookie' => 'PHPSESSID=8vm6nenj5vb1sjidle8ugj2di2',
)
[ info ] [ PARAM ] array (
)
[ info ] [ LOG ] INIT File

---------------------------------------------------------------
[ 2019-03-11T17:45:25+08:00 ] 127.0.0.1 127.0.0.1 GET /admin
[ log ] www.nuomi123.com/admin [运行时间：0.040002s][吞吐率：25.00req/s] [内存消耗：1,446.71kb] [文件加载：44]
[ info ] [ LANG ] E:\www\nuomi\thinkphp\lang\zh-cn.php
[ info ] [ ROUTE ] array (
  'type' => 'module',
  'module' => 
  array (
    0 => 'admin',
    1 => NULL,
    2 => NULL,
  ),
)
[ info ] [ HEADER ] array (
  'host' => 'www.nuomi123.com',
  'connection' => 'keep-alive',
  'upgrade-insecure-requests' => '1',
  'user-agent' => 'Mozilla/5.0 (Windows NT 6.1; Win64; x64) AppleWebKit/537.36 (KHTML, like Gecko) Chrome/70.0.3538.110 Safari/537.36',
  'accept' => 'text/html,application/xhtml+xml,application/xml;q=0.9,image/webp,image/apng,*/*;q=0.8',
  'accept-encoding' => 'gzip, deflate',
  'accept-language' => 'zh-CN,zh;q=0.9',
  'cookie' => 'PHPSESSID=8vm6nenj5vb1sjidle8ugj2di2',
)
[ info ] [ PARAM ] array (
)
[ info ] [ RUN ] app\admin\controller\Index->index[ E:\www\nuomi\application\admin\controller\Index.php ]
[ info ] [ VIEW ] E:\www\nuomi./application/admin\view\index\index.html [ array (
) ]
[ info ] [ LOG ] INIT File

---------------------------------------------------------------
[ 2019-03-11T17:45:25+08:00 ] 127.0.0.1 127.0.0.1 GET /admin/index/welcome.html
[ log ] www.nuomi123.com/admin/index/welcome.html [运行时间：0.046003s][吞吐率：21.74req/s] [内存消耗：1,389.42kb] [文件加载：42]
[ info ] [ LANG ] E:\www\nuomi\thinkphp\lang\zh-cn.php
[ info ] [ ROUTE ] array (
  'type' => 'module',
  'module' => 
  array (
    0 => 'admin',
    1 => 'index',
    2 => 'welcome',
  ),
)
[ info ] [ HEADER ] array (
  'host' => 'www.nuomi123.com',
  'connection' => 'keep-alive',
  'upgrade-insecure-requests' => '1',
  'user-agent' => 'Mozilla/5.0 (Windows NT 6.1; Win64; x64) AppleWebKit/537.36 (KHTML, like Gecko) Chrome/70.0.3538.110 Safari/537.36',
  'accept' => 'text/html,application/xhtml+xml,application/xml;q=0.9,image/webp,image/apng,*/*;q=0.8',
  'referer' => 'http://www.nuomi123.com/admin',
  'accept-encoding' => 'gzip, deflate',
  'accept-language' => 'zh-CN,zh;q=0.9',
  'cookie' => 'PHPSESSID=8vm6nenj5vb1sjidle8ugj2di2',
)
[ info ] [ PARAM ] array (
)
[ info ] [ RUN ] app\admin\controller\Index->welcome[ E:\www\nuomi\application\admin\controller\Index.php ]
[ info ] [ SESSION ] INIT array (
  'id' => '',
  'var_session_id' => '',
  'prefix' => 'think',
  'type' => '',
  'auto_start' => true,
)
[ info ] [ LOG ] INIT File

---------------------------------------------------------------
[ 2019-03-11T17:52:50+08:00 ] 127.0.0.1 127.0.0.1 GET /admin/category/index.html
[ log ] www.nuomi123.com/admin/category/index.html [运行时间：0.076004s][吞吐率：13.16req/s] [内存消耗：2,425.99kb] [文件加载：58]
[ info ] [ LANG ] E:\www\nuomi\thinkphp\lang\zh-cn.php
[ info ] [ ROUTE ] array (
  'type' => 'module',
  'module' => 
  array (
    0 => 'admin',
    1 => 'category',
    2 => 'index',
  ),
)
[ info ] [ HEADER ] array (
  'host' => 'www.nuomi123.com',
  'connection' => 'keep-alive',
  'upgrade-insecure-requests' => '1',
  'user-agent' => 'Mozilla/5.0 (Windows NT 6.1; Win64; x64) AppleWebKit/537.36 (KHTML, like Gecko) Chrome/70.0.3538.110 Safari/537.36',
  'accept' => 'text/html,application/xhtml+xml,application/xml;q=0.9,image/webp,image/apng,*/*;q=0.8',
  'referer' => 'http://www.nuomi123.com/admin',
  'accept-encoding' => 'gzip, deflate',
  'accept-language' => 'zh-CN,zh;q=0.9',
  'cookie' => 'PHPSESSID=8vm6nenj5vb1sjidle8ugj2di2',
)
[ info ] [ PARAM ] array (
)
[ info ] [ RUN ] app\admin\controller\Category->index[ E:\www\nuomi\application\admin\controller\Category.php ]
[ info ] [ DB ] INIT mysql
[ info ] [ VIEW ] E:\www\nuomi./application/admin\view\category\index.html [ array (
  0 => 'categorys',
) ]
[ info ] [ LOG ] INIT File

---------------------------------------------------------------
[ 2019-03-11T17:52:50+08:00 ] 127.0.0.1 127.0.0.1 GET /admin/index/map.html
[ log ] www.nuomi123.com/admin/index/map.html [运行时间：0.650037s][吞吐率：1.54req/s] [内存消耗：1,392.17kb] [文件加载：43]
[ info ] [ LANG ] E:\www\nuomi\thinkphp\lang\zh-cn.php
[ info ] [ ROUTE ] array (
  'type' => 'module',
  'module' => 
  array (
    0 => 'admin',
    1 => 'index',
    2 => 'map',
  ),
)
[ info ] [ HEADER ] array (
  'host' => 'www.nuomi123.com',
  'connection' => 'keep-alive',
  'user-agent' => 'Mozilla/5.0 (Windows NT 6.1; Win64; x64) AppleWebKit/537.36 (KHTML, like Gecko) Chrome/70.0.3538.110 Safari/537.36',
  'accept' => 'image/webp,image/apng,image/*,*/*;q=0.8',
  'referer' => 'http://www.nuomi123.com/admin/category/index.html',
  'accept-encoding' => 'gzip, deflate',
  'accept-language' => 'zh-CN,zh;q=0.9',
  'cookie' => 'PHPSESSID=8vm6nenj5vb1sjidle8ugj2di2',
)
[ info ] [ PARAM ] array (
)
[ info ] [ RUN ] app\admin\controller\Index->map[ E:\www\nuomi\application\admin\controller\Index.php ]
[ info ] [ LOG ] INIT File

---------------------------------------------------------------
[ 2019-03-11T17:52:56+08:00 ] 127.0.0.1 127.0.0.1 GET /admin/category/add.html
[ log ] www.nuomi123.com/admin/category/add.html [运行时间：0.070004s][吞吐率：14.28req/s] [内存消耗：2,318.00kb] [文件加载：54]
[ info ] [ LANG ] E:\www\nuomi\thinkphp\lang\zh-cn.php
[ info ] [ ROUTE ] array (
  'type' => 'module',
  'module' => 
  array (
    0 => 'admin',
    1 => 'category',
    2 => 'add',
  ),
)
[ info ] [ HEADER ] array (
  'host' => 'www.nuomi123.com',
  'connection' => 'keep-alive',
  'upgrade-insecure-requests' => '1',
  'user-agent' => 'Mozilla/5.0 (Windows NT 6.1; Win64; x64) AppleWebKit/537.36 (KHTML, like Gecko) Chrome/70.0.3538.110 Safari/537.36',
  'accept' => 'text/html,application/xhtml+xml,application/xml;q=0.9,image/webp,image/apng,*/*;q=0.8',
  'referer' => 'http://www.nuomi123.com/admin/category/index.html',
  'accept-encoding' => 'gzip, deflate',
  'accept-language' => 'zh-CN,zh;q=0.9',
  'cookie' => 'PHPSESSID=8vm6nenj5vb1sjidle8ugj2di2',
)
[ info ] [ PARAM ] array (
)
[ info ] [ RUN ] app\admin\controller\Category->add[ E:\www\nuomi\application\admin\controller\Category.php ]
[ info ] [ DB ] INIT mysql
[ info ] [ VIEW ] E:\www\nuomi./application/admin\view\category\add.html [ array (
  0 => 'categorys',
) ]
[ info ] [ LOG ] INIT File

---------------------------------------------------------------
[ 2019-03-11T17:53:15+08:00 ] 127.0.0.1 127.0.0.1 GET /admin/category/edit.html?id=3
[ log ] www.nuomi123.com/admin/category/edit.html?id=3 [运行时间：0.096006s][吞吐率：10.42req/s] [内存消耗：2,465.47kb] [文件加载：56]
[ info ] [ LANG ] E:\www\nuomi\thinkphp\lang\zh-cn.php
[ info ] [ ROUTE ] array (
  'type' => 'module',
  'module' => 
  array (
    0 => 'admin',
    1 => 'category',
    2 => 'edit',
  ),
)
[ info ] [ HEADER ] array (
  'host' => 'www.nuomi123.com',
  'connection' => 'keep-alive',
  'upgrade-insecure-requests' => '1',
  'user-agent' => 'Mozilla/5.0 (Windows NT 6.1; Win64; x64) AppleWebKit/537.36 (KHTML, like Gecko) Chrome/70.0.3538.110 Safari/537.36',
  'accept' => 'text/html,application/xhtml+xml,application/xml;q=0.9,image/webp,image/apng,*/*;q=0.8',
  'referer' => 'http://www.nuomi123.com/admin/category/index.html',
  'accept-encoding' => 'gzip, deflate',
  'accept-language' => 'zh-CN,zh;q=0.9',
  'cookie' => 'PHPSESSID=8vm6nenj5vb1sjidle8ugj2di2',
)
[ info ] [ PARAM ] array (
  'id' => '3',
)
[ info ] [ RUN ] app\admin\controller\Category->edit[ E:\www\nuomi\application\admin\controller\Category.php ]
[ info ] [ DB ] INIT mysql
[ info ] [ VIEW ] E:\www\nuomi./application/admin\view\category\edit.html [ array (
  0 => 'categorys',
  1 => 'category',
) ]
[ info ] [ LOG ] INIT File

---------------------------------------------------------------
[ 2019-03-11T17:53:17+08:00 ] 127.0.0.1 127.0.0.1 POST /admin/category/save.html
[ log ] www.nuomi123.com/admin/category/save.html [运行时间：0.078005s][吞吐率：12.82req/s] [内存消耗：2,350.14kb] [文件加载：58]
[ info ] [ LANG ] E:\www\nuomi\thinkphp\lang\zh-cn.php
[ info ] [ ROUTE ] array (
  'type' => 'module',
  'module' => 
  array (
    0 => 'admin',
    1 => 'category',
    2 => 'save',
  ),
)
[ info ] [ HEADER ] array (
  'host' => 'www.nuomi123.com',
  'connection' => 'keep-alive',
  'content-length' => '40',
  'cache-control' => 'max-age=0',
  'origin' => 'http://www.nuomi123.com',
  'upgrade-insecure-requests' => '1',
  'content-type' => 'application/x-www-form-urlencoded',
  'user-agent' => 'Mozilla/5.0 (Windows NT 6.1; Win64; x64) AppleWebKit/537.36 (KHTML, like Gecko) Chrome/70.0.3538.110 Safari/537.36',
  'accept' => 'text/html,application/xhtml+xml,application/xml;q=0.9,image/webp,image/apng,*/*;q=0.8',
  'referer' => 'http://www.nuomi123.com/admin/category/edit.html?id=3',
  'accept-encoding' => 'gzip, deflate',
  'accept-language' => 'zh-CN,zh;q=0.9',
  'cookie' => 'PHPSESSID=8vm6nenj5vb1sjidle8ugj2di2',
)
[ info ] [ PARAM ] array (
  'name' => '食物',
  'parent_id' => '0',
  'id' => '3',
)
[ info ] [ RUN ] app\admin\controller\Category->save[ E:\www\nuomi\application\admin\controller\Category.php ]
[ info ] [ DB ] INIT mysql
[ info ] [ CACHE ] INIT File
[ info ] [ VIEW ] E:\www\nuomi\thinkphp\tpl\dispatch_jump.tpl [ array (
  0 => 'code',
  1 => 'msg',
  2 => 'data',
  3 => 'url',
  4 => 'wait',
) ]
[ info ] [ LOG ] INIT File

---------------------------------------------------------------
[ 2019-03-11T17:53:26+08:00 ] 127.0.0.1 127.0.0.1 GET /admin/category/index.html?parent_id=3
[ log ] www.nuomi123.com/admin/category/index.html?parent_id=3 [运行时间：0.069004s][吞吐率：14.49req/s] [内存消耗：2,418.05kb] [文件加载：58]
[ info ] [ LANG ] E:\www\nuomi\thinkphp\lang\zh-cn.php
[ info ] [ ROUTE ] array (
  'type' => 'module',
  'module' => 
  array (
    0 => 'admin',
    1 => 'category',
    2 => 'index',
  ),
)
[ info ] [ HEADER ] array (
  'host' => 'www.nuomi123.com',
  'connection' => 'keep-alive',
  'upgrade-insecure-requests' => '1',
  'user-agent' => 'Mozilla/5.0 (Windows NT 6.1; Win64; x64) AppleWebKit/537.36 (KHTML, like Gecko) Chrome/70.0.3538.110 Safari/537.36',
  'accept' => 'text/html,application/xhtml+xml,application/xml;q=0.9,image/webp,image/apng,*/*;q=0.8',
  'referer' => 'http://www.nuomi123.com/admin/category/index.html',
  'accept-encoding' => 'gzip, deflate',
  'accept-language' => 'zh-CN,zh;q=0.9',
  'cookie' => 'PHPSESSID=8vm6nenj5vb1sjidle8ugj2di2',
)
[ info ] [ PARAM ] array (
  'parent_id' => '3',
)
[ info ] [ RUN ] app\admin\controller\Category->index[ E:\www\nuomi\application\admin\controller\Category.php ]
[ info ] [ DB ] INIT mysql
[ info ] [ VIEW ] E:\www\nuomi./application/admin\view\category\index.html [ array (
  0 => 'categorys',
) ]
[ info ] [ LOG ] INIT File

---------------------------------------------------------------
[ 2019-03-11T17:53:26+08:00 ] 127.0.0.1 127.0.0.1 GET /admin/index/map.html
[ log ] www.nuomi123.com/admin/index/map.html [运行时间：0.106006s][吞吐率：9.43req/s] [内存消耗：1,392.14kb] [文件加载：43]
[ info ] [ LANG ] E:\www\nuomi\thinkphp\lang\zh-cn.php
[ info ] [ ROUTE ] array (
  'type' => 'module',
  'module' => 
  array (
    0 => 'admin',
    1 => 'index',
    2 => 'map',
  ),
)
[ info ] [ HEADER ] array (
  'host' => 'www.nuomi123.com',
  'connection' => 'keep-alive',
  'user-agent' => 'Mozilla/5.0 (Windows NT 6.1; Win64; x64) AppleWebKit/537.36 (KHTML, like Gecko) Chrome/70.0.3538.110 Safari/537.36',
  'accept' => 'image/webp,image/apng,image/*,*/*;q=0.8',
  'referer' => 'http://www.nuomi123.com/admin/category/index.html?parent_id=3',
  'accept-encoding' => 'gzip, deflate',
  'accept-language' => 'zh-CN,zh;q=0.9',
  'cookie' => 'PHPSESSID=8vm6nenj5vb1sjidle8ugj2di2',
)
[ info ] [ PARAM ] array (
)
[ info ] [ RUN ] app\admin\controller\Index->map[ E:\www\nuomi\application\admin\controller\Index.php ]
[ info ] [ LOG ] INIT File

---------------------------------------------------------------
[ 2019-03-11T17:53:29+08:00 ] 127.0.0.1 127.0.0.1 GET /admin/category/index.html?parent_id=2
[ log ] www.nuomi123.com/admin/category/index.html?parent_id=2 [运行时间：0.060004s][吞吐率：16.67req/s] [内存消耗：2,426.77kb] [文件加载：58]
[ info ] [ LANG ] E:\www\nuomi\thinkphp\lang\zh-cn.php
[ info ] [ ROUTE ] array (
  'type' => 'module',
  'module' => 
  array (
    0 => 'admin',
    1 => 'category',
    2 => 'index',
  ),
)
[ info ] [ HEADER ] array (
  'host' => 'www.nuomi123.com',
  'connection' => 'keep-alive',
  'upgrade-insecure-requests' => '1',
  'user-agent' => 'Mozilla/5.0 (Windows NT 6.1; Win64; x64) AppleWebKit/537.36 (KHTML, like Gecko) Chrome/70.0.3538.110 Safari/537.36',
  'accept' => 'text/html,application/xhtml+xml,application/xml;q=0.9,image/webp,image/apng,*/*;q=0.8',
  'referer' => 'http://www.nuomi123.com/admin/category/index.html',
  'accept-encoding' => 'gzip, deflate',
  'accept-language' => 'zh-CN,zh;q=0.9',
  'cookie' => 'PHPSESSID=8vm6nenj5vb1sjidle8ugj2di2',
)
[ info ] [ PARAM ] array (
  'parent_id' => '2',
)
[ info ] [ RUN ] app\admin\controller\Category->index[ E:\www\nuomi\application\admin\controller\Category.php ]
[ info ] [ DB ] INIT mysql
[ info ] [ VIEW ] E:\www\nuomi./application/admin\view\category\index.html [ array (
  0 => 'categorys',
) ]
[ info ] [ LOG ] INIT File

---------------------------------------------------------------
[ 2019-03-11T17:53:29+08:00 ] 127.0.0.1 127.0.0.1 GET /admin/index/map.html
[ log ] www.nuomi123.com/admin/index/map.html [运行时间：0.103006s][吞吐率：9.71req/s] [内存消耗：1,392.13kb] [文件加载：43]
[ info ] [ LANG ] E:\www\nuomi\thinkphp\lang\zh-cn.php
[ info ] [ ROUTE ] array (
  'type' => 'module',
  'module' => 
  array (
    0 => 'admin',
    1 => 'index',
    2 => 'map',
  ),
)
[ info ] [ HEADER ] array (
  'host' => 'www.nuomi123.com',
  'connection' => 'keep-alive',
  'user-agent' => 'Mozilla/5.0 (Windows NT 6.1; Win64; x64) AppleWebKit/537.36 (KHTML, like Gecko) Chrome/70.0.3538.110 Safari/537.36',
  'accept' => 'image/webp,image/apng,image/*,*/*;q=0.8',
  'referer' => 'http://www.nuomi123.com/admin/category/index.html?parent_id=2',
  'accept-encoding' => 'gzip, deflate',
  'accept-language' => 'zh-CN,zh;q=0.9',
  'cookie' => 'PHPSESSID=8vm6nenj5vb1sjidle8ugj2di2',
)
[ info ] [ PARAM ] array (
)
[ info ] [ RUN ] app\admin\controller\Index->map[ E:\www\nuomi\application\admin\controller\Index.php ]
[ info ] [ LOG ] INIT File

---------------------------------------------------------------
[ 2019-03-11T17:53:39+08:00 ] 127.0.0.1 127.0.0.1 GET /admin/featured/add.html
[ log ] www.nuomi123.com/admin/featured/add.html [运行时间：0.044003s][吞吐率：22.73req/s] [内存消耗：1,679.57kb] [文件加载：48]
[ info ] [ LANG ] E:\www\nuomi\thinkphp\lang\zh-cn.php
[ info ] [ ROUTE ] array (
  'type' => 'module',
  'module' => 
  array (
    0 => 'admin',
    1 => 'featured',
    2 => 'add',
  ),
)
[ info ] [ HEADER ] array (
  'host' => 'www.nuomi123.com',
  'connection' => 'keep-alive',
  'upgrade-insecure-requests' => '1',
  'user-agent' => 'Mozilla/5.0 (Windows NT 6.1; Win64; x64) AppleWebKit/537.36 (KHTML, like Gecko) Chrome/70.0.3538.110 Safari/537.36',
  'accept' => 'text/html,application/xhtml+xml,application/xml;q=0.9,image/webp,image/apng,*/*;q=0.8',
  'referer' => 'http://www.nuomi123.com/admin',
  'accept-encoding' => 'gzip, deflate',
  'accept-language' => 'zh-CN,zh;q=0.9',
  'cookie' => 'PHPSESSID=8vm6nenj5vb1sjidle8ugj2di2',
)
[ info ] [ PARAM ] array (
)
[ info ] [ RUN ] app\admin\controller\Featured->add[ E:\www\nuomi\application\admin\controller\Featured.php ]
[ info ] [ VIEW ] E:\www\nuomi./application/admin\view\featured\add.html [ array (
  0 => 'types',
) ]
[ info ] [ LOG ] INIT File

---------------------------------------------------------------
[ 2019-03-11T17:54:21+08:00 ] 127.0.0.1 127.0.0.1 GET /admin
[ log ] www.nuomi123.com/admin [运行时间：0.045002s][吞吐率：22.22req/s] [内存消耗：1,446.98kb] [文件加载：44]
[ info ] [ LANG ] E:\www\nuomi\thinkphp\lang\zh-cn.php
[ info ] [ ROUTE ] array (
  'type' => 'module',
  'module' => 
  array (
    0 => 'admin',
    1 => NULL,
    2 => NULL,
  ),
)
[ info ] [ HEADER ] array (
  'host' => 'www.nuomi123.com',
  'connection' => 'keep-alive',
  'cache-control' => 'max-age=0',
  'upgrade-insecure-requests' => '1',
  'user-agent' => 'Mozilla/5.0 (Windows NT 6.1; Win64; x64) AppleWebKit/537.36 (KHTML, like Gecko) Chrome/70.0.3538.110 Safari/537.36',
  'accept' => 'text/html,application/xhtml+xml,application/xml;q=0.9,image/webp,image/apng,*/*;q=0.8',
  'accept-encoding' => 'gzip, deflate',
  'accept-language' => 'zh-CN,zh;q=0.9',
  'cookie' => 'PHPSESSID=8vm6nenj5vb1sjidle8ugj2di2',
)
[ info ] [ PARAM ] array (
)
[ info ] [ RUN ] app\admin\controller\Index->index[ E:\www\nuomi\application\admin\controller\Index.php ]
[ info ] [ VIEW ] E:\www\nuomi./application/admin\view\index\index.html [ array (
) ]
[ info ] [ LOG ] INIT File

---------------------------------------------------------------
[ 2019-03-11T17:54:21+08:00 ] 127.0.0.1 127.0.0.1 GET /admin/index/welcome.html
[ log ] www.nuomi123.com/admin/index/welcome.html [运行时间：0.039002s][吞吐率：25.64req/s] [内存消耗：1,389.42kb] [文件加载：42]
[ info ] [ LANG ] E:\www\nuomi\thinkphp\lang\zh-cn.php
[ info ] [ ROUTE ] array (
  'type' => 'module',
  'module' => 
  array (
    0 => 'admin',
    1 => 'index',
    2 => 'welcome',
  ),
)
[ info ] [ HEADER ] array (
  'host' => 'www.nuomi123.com',
  'connection' => 'keep-alive',
  'upgrade-insecure-requests' => '1',
  'user-agent' => 'Mozilla/5.0 (Windows NT 6.1; Win64; x64) AppleWebKit/537.36 (KHTML, like Gecko) Chrome/70.0.3538.110 Safari/537.36',
  'accept' => 'text/html,application/xhtml+xml,application/xml;q=0.9,image/webp,image/apng,*/*;q=0.8',
  'referer' => 'http://www.nuomi123.com/admin',
  'accept-encoding' => 'gzip, deflate',
  'accept-language' => 'zh-CN,zh;q=0.9',
  'cookie' => 'PHPSESSID=8vm6nenj5vb1sjidle8ugj2di2',
)
[ info ] [ PARAM ] array (
)
[ info ] [ RUN ] app\admin\controller\Index->welcome[ E:\www\nuomi\application\admin\controller\Index.php ]
[ info ] [ SESSION ] INIT array (
  'id' => '',
  'var_session_id' => '',
  'prefix' => 'think',
  'type' => '',
  'auto_start' => true,
)
[ info ] [ LOG ] INIT File

---------------------------------------------------------------
[ 2019-03-11T17:54:35+08:00 ] 127.0.0.1 127.0.0.1 GET /admin/category/index.html
[ log ] www.nuomi123.com/admin/category/index.html [运行时间：0.057003s][吞吐率：17.54req/s] [内存消耗：2,425.99kb] [文件加载：58]
[ info ] [ LANG ] E:\www\nuomi\thinkphp\lang\zh-cn.php
[ info ] [ ROUTE ] array (
  'type' => 'module',
  'module' => 
  array (
    0 => 'admin',
    1 => 'category',
    2 => 'index',
  ),
)
[ info ] [ HEADER ] array (
  'host' => 'www.nuomi123.com',
  'connection' => 'keep-alive',
  'upgrade-insecure-requests' => '1',
  'user-agent' => 'Mozilla/5.0 (Windows NT 6.1; Win64; x64) AppleWebKit/537.36 (KHTML, like Gecko) Chrome/70.0.3538.110 Safari/537.36',
  'accept' => 'text/html,application/xhtml+xml,application/xml;q=0.9,image/webp,image/apng,*/*;q=0.8',
  'referer' => 'http://www.nuomi123.com/admin',
  'accept-encoding' => 'gzip, deflate',
  'accept-language' => 'zh-CN,zh;q=0.9',
  'cookie' => 'PHPSESSID=8vm6nenj5vb1sjidle8ugj2di2',
)
[ info ] [ PARAM ] array (
)
[ info ] [ RUN ] app\admin\controller\Category->index[ E:\www\nuomi\application\admin\controller\Category.php ]
[ info ] [ DB ] INIT mysql
[ info ] [ VIEW ] E:\www\nuomi./application/admin\view\category\index.html [ array (
  0 => 'categorys',
) ]
[ info ] [ LOG ] INIT File

---------------------------------------------------------------
[ 2019-03-11T17:54:35+08:00 ] 127.0.0.1 127.0.0.1 GET /admin/index/map.html
[ log ] www.nuomi123.com/admin/index/map.html [运行时间：0.085005s][吞吐率：11.76req/s] [内存消耗：1,392.20kb] [文件加载：43]
[ info ] [ LANG ] E:\www\nuomi\thinkphp\lang\zh-cn.php
[ info ] [ ROUTE ] array (
  'type' => 'module',
  'module' => 
  array (
    0 => 'admin',
    1 => 'index',
    2 => 'map',
  ),
)
[ info ] [ HEADER ] array (
  'host' => 'www.nuomi123.com',
  'connection' => 'keep-alive',
  'user-agent' => 'Mozilla/5.0 (Windows NT 6.1; Win64; x64) AppleWebKit/537.36 (KHTML, like Gecko) Chrome/70.0.3538.110 Safari/537.36',
  'accept' => 'image/webp,image/apng,image/*,*/*;q=0.8',
  'referer' => 'http://www.nuomi123.com/admin/category/index.html',
  'accept-encoding' => 'gzip, deflate',
  'accept-language' => 'zh-CN,zh;q=0.9',
  'cookie' => 'PHPSESSID=8vm6nenj5vb1sjidle8ugj2di2',
)
[ info ] [ PARAM ] array (
)
[ info ] [ RUN ] app\admin\controller\Index->map[ E:\www\nuomi\application\admin\controller\Index.php ]
[ info ] [ LOG ] INIT File

---------------------------------------------------------------
[ 2019-03-11T17:55:29+08:00 ] 127.0.0.1 127.0.0.1 GET /admin/category/index.html
[ log ] www.nuomi123.com/admin/category/index.html [运行时间：0.044003s][吞吐率：22.73req/s] [内存消耗：2,425.99kb] [文件加载：58]
[ info ] [ LANG ] E:\www\nuomi\thinkphp\lang\zh-cn.php
[ info ] [ ROUTE ] array (
  'type' => 'module',
  'module' => 
  array (
    0 => 'admin',
    1 => 'category',
    2 => 'index',
  ),
)
[ info ] [ HEADER ] array (
  'host' => 'www.nuomi123.com',
  'connection' => 'keep-alive',
  'upgrade-insecure-requests' => '1',
  'user-agent' => 'Mozilla/5.0 (Windows NT 6.1; Win64; x64) AppleWebKit/537.36 (KHTML, like Gecko) Chrome/70.0.3538.110 Safari/537.36',
  'accept' => 'text/html,application/xhtml+xml,application/xml;q=0.9,image/webp,image/apng,*/*;q=0.8',
  'referer' => 'http://www.nuomi123.com/admin',
  'accept-encoding' => 'gzip, deflate',
  'accept-language' => 'zh-CN,zh;q=0.9',
  'cookie' => 'PHPSESSID=8vm6nenj5vb1sjidle8ugj2di2',
)
[ info ] [ PARAM ] array (
)
[ info ] [ RUN ] app\admin\controller\Category->index[ E:\www\nuomi\application\admin\controller\Category.php ]
[ info ] [ DB ] INIT mysql
[ info ] [ VIEW ] E:\www\nuomi./application/admin\view\category\index.html [ array (
  0 => 'categorys',
) ]
[ info ] [ LOG ] INIT File

---------------------------------------------------------------
[ 2019-03-11T17:55:29+08:00 ] 127.0.0.1 127.0.0.1 GET /admin/index/map.html
[ log ] www.nuomi123.com/admin/index/map.html [运行时间：0.090005s][吞吐率：11.11req/s] [内存消耗：1,392.17kb] [文件加载：43]
[ info ] [ LANG ] E:\www\nuomi\thinkphp\lang\zh-cn.php
[ info ] [ ROUTE ] array (
  'type' => 'module',
  'module' => 
  array (
    0 => 'admin',
    1 => 'index',
    2 => 'map',
  ),
)
[ info ] [ HEADER ] array (
  'host' => 'www.nuomi123.com',
  'connection' => 'keep-alive',
  'user-agent' => 'Mozilla/5.0 (Windows NT 6.1; Win64; x64) AppleWebKit/537.36 (KHTML, like Gecko) Chrome/70.0.3538.110 Safari/537.36',
  'accept' => 'image/webp,image/apng,image/*,*/*;q=0.8',
  'referer' => 'http://www.nuomi123.com/admin/category/index.html',
  'accept-encoding' => 'gzip, deflate',
  'accept-language' => 'zh-CN,zh;q=0.9',
  'cookie' => 'PHPSESSID=8vm6nenj5vb1sjidle8ugj2di2',
)
[ info ] [ PARAM ] array (
)
[ info ] [ RUN ] app\admin\controller\Index->map[ E:\www\nuomi\application\admin\controller\Index.php ]
[ info ] [ LOG ] INIT File

---------------------------------------------------------------
[ 2019-03-11T17:55:30+08:00 ] 127.0.0.1 127.0.0.1 GET /admin/index/sms.html
[ log ] www.nuomi123.com/admin/index/sms.html [运行时间：0.040002s][吞吐率：25.00req/s] [内存消耗：1,447.04kb] [文件加载：44]
[ info ] [ LANG ] E:\www\nuomi\thinkphp\lang\zh-cn.php
[ info ] [ ROUTE ] array (
  'type' => 'module',
  'module' => 
  array (
    0 => 'admin',
    1 => 'index',
    2 => 'sms',
  ),
)
[ info ] [ HEADER ] array (
  'host' => 'www.nuomi123.com',
  'connection' => 'keep-alive',
  'upgrade-insecure-requests' => '1',
  'user-agent' => 'Mozilla/5.0 (Windows NT 6.1; Win64; x64) AppleWebKit/537.36 (KHTML, like Gecko) Chrome/70.0.3538.110 Safari/537.36',
  'accept' => 'text/html,application/xhtml+xml,application/xml;q=0.9,image/webp,image/apng,*/*;q=0.8',
  'referer' => 'http://www.nuomi123.com/admin',
  'accept-encoding' => 'gzip, deflate',
  'accept-language' => 'zh-CN,zh;q=0.9',
  'cookie' => 'PHPSESSID=8vm6nenj5vb1sjidle8ugj2di2',
)
[ info ] [ PARAM ] array (
)
[ info ] [ RUN ] app\admin\controller\Index->sms[ E:\www\nuomi\application\admin\controller\Index.php ]
[ info ] [ VIEW ] E:\www\nuomi./application/admin\view\index\sms.html [ array (
) ]
[ info ] [ LOG ] INIT File

---------------------------------------------------------------
[ 2019-03-11T17:56:15+08:00 ] 127.0.0.1 127.0.0.1 GET /admin/bis/index.html
[ log ] www.nuomi123.com/admin/bis/index.html [运行时间：0.058003s][吞吐率：17.24req/s] [内存消耗：2,429.97kb] [文件加载：58]
[ info ] [ LANG ] E:\www\nuomi\thinkphp\lang\zh-cn.php
[ info ] [ ROUTE ] array (
  'type' => 'module',
  'module' => 
  array (
    0 => 'admin',
    1 => 'bis',
    2 => 'index',
  ),
)
[ info ] [ HEADER ] array (
  'host' => 'www.nuomi123.com',
  'connection' => 'keep-alive',
  'upgrade-insecure-requests' => '1',
  'user-agent' => 'Mozilla/5.0 (Windows NT 6.1; Win64; x64) AppleWebKit/537.36 (KHTML, like Gecko) Chrome/70.0.3538.110 Safari/537.36',
  'accept' => 'text/html,application/xhtml+xml,application/xml;q=0.9,image/webp,image/apng,*/*;q=0.8',
  'referer' => 'http://www.nuomi123.com/admin',
  'accept-encoding' => 'gzip, deflate',
  'accept-language' => 'zh-CN,zh;q=0.9',
  'cookie' => 'PHPSESSID=8vm6nenj5vb1sjidle8ugj2di2',
)
[ info ] [ PARAM ] array (
)
[ info ] [ RUN ] app\admin\controller\Bis->index[ E:\www\nuomi\application\admin\controller\Bis.php ]
[ info ] [ DB ] INIT mysql
[ info ] [ VIEW ] E:\www\nuomi./application/admin\view\bis\index.html [ array (
  0 => 'bis',
) ]
[ info ] [ LOG ] INIT File

---------------------------------------------------------------
[ 2019-03-11T17:56:17+08:00 ] 127.0.0.1 127.0.0.1 GET /admin/bis/apply.html
[ log ] www.nuomi123.com/admin/bis/apply.html [运行时间：0.052003s][吞吐率：19.23req/s] [内存消耗：2,366.80kb] [文件加载：57]
[ info ] [ LANG ] E:\www\nuomi\thinkphp\lang\zh-cn.php
[ info ] [ ROUTE ] array (
  'type' => 'module',
  'module' => 
  array (
    0 => 'admin',
    1 => 'bis',
    2 => 'apply',
  ),
)
[ info ] [ HEADER ] array (
  'host' => 'www.nuomi123.com',
  'connection' => 'keep-alive',
  'upgrade-insecure-requests' => '1',
  'user-agent' => 'Mozilla/5.0 (Windows NT 6.1; Win64; x64) AppleWebKit/537.36 (KHTML, like Gecko) Chrome/70.0.3538.110 Safari/537.36',
  'accept' => 'text/html,application/xhtml+xml,application/xml;q=0.9,image/webp,image/apng,*/*;q=0.8',
  'referer' => 'http://www.nuomi123.com/admin',
  'accept-encoding' => 'gzip, deflate',
  'accept-language' => 'zh-CN,zh;q=0.9',
  'cookie' => 'PHPSESSID=8vm6nenj5vb1sjidle8ugj2di2',
)
[ info ] [ PARAM ] array (
)
[ info ] [ RUN ] app\admin\controller\Bis->apply[ E:\www\nuomi\application\admin\controller\Bis.php ]
[ info ] [ DB ] INIT mysql
[ info ] [ VIEW ] E:\www\nuomi./application/admin\view\bis\apply.html [ array (
  0 => 'bis',
) ]
[ info ] [ LOG ] INIT File

---------------------------------------------------------------
[ 2019-03-11T17:56:26+08:00 ] 127.0.0.1 127.0.0.1 GET /admin/featured/add.html
[ log ] www.nuomi123.com/admin/featured/add.html [运行时间：0.036002s][吞吐率：27.78req/s] [内存消耗：1,679.57kb] [文件加载：48]
[ info ] [ LANG ] E:\www\nuomi\thinkphp\lang\zh-cn.php
[ info ] [ ROUTE ] array (
  'type' => 'module',
  'module' => 
  array (
    0 => 'admin',
    1 => 'featured',
    2 => 'add',
  ),
)
[ info ] [ HEADER ] array (
  'host' => 'www.nuomi123.com',
  'connection' => 'keep-alive',
  'upgrade-insecure-requests' => '1',
  'user-agent' => 'Mozilla/5.0 (Windows NT 6.1; Win64; x64) AppleWebKit/537.36 (KHTML, like Gecko) Chrome/70.0.3538.110 Safari/537.36',
  'accept' => 'text/html,application/xhtml+xml,application/xml;q=0.9,image/webp,image/apng,*/*;q=0.8',
  'referer' => 'http://www.nuomi123.com/admin',
  'accept-encoding' => 'gzip, deflate',
  'accept-language' => 'zh-CN,zh;q=0.9',
  'cookie' => 'PHPSESSID=8vm6nenj5vb1sjidle8ugj2di2',
)
[ info ] [ PARAM ] array (
)
[ info ] [ RUN ] app\admin\controller\Featured->add[ E:\www\nuomi\application\admin\controller\Featured.php ]
[ info ] [ VIEW ] E:\www\nuomi./application/admin\view\featured\add.html [ array (
  0 => 'types',
) ]
[ info ] [ LOG ] INIT File

---------------------------------------------------------------
[ 2019-03-11T17:56:27+08:00 ] 127.0.0.1 127.0.0.1 GET /admin/featured/index.html
[ log ] www.nuomi123.com/admin/featured/index.html [运行时间：0.058003s][吞吐率：17.24req/s] [内存消耗：2,430.59kb] [文件加载：59]
[ info ] [ LANG ] E:\www\nuomi\thinkphp\lang\zh-cn.php
[ info ] [ ROUTE ] array (
  'type' => 'module',
  'module' => 
  array (
    0 => 'admin',
    1 => 'featured',
    2 => 'index',
  ),
)
[ info ] [ HEADER ] array (
  'host' => 'www.nuomi123.com',
  'connection' => 'keep-alive',
  'upgrade-insecure-requests' => '1',
  'user-agent' => 'Mozilla/5.0 (Windows NT 6.1; Win64; x64) AppleWebKit/537.36 (KHTML, like Gecko) Chrome/70.0.3538.110 Safari/537.36',
  'accept' => 'text/html,application/xhtml+xml,application/xml;q=0.9,image/webp,image/apng,*/*;q=0.8',
  'referer' => 'http://www.nuomi123.com/admin',
  'accept-encoding' => 'gzip, deflate',
  'accept-language' => 'zh-CN,zh;q=0.9',
  'cookie' => 'PHPSESSID=8vm6nenj5vb1sjidle8ugj2di2',
)
[ info ] [ PARAM ] array (
)
[ info ] [ RUN ] app\admin\controller\Featured->index[ E:\www\nuomi\application\admin\controller\Featured.php ]
[ info ] [ DB ] INIT mysql
[ info ] [ VIEW ] E:\www\nuomi./application/admin\view\featured\index.html [ array (
  0 => 'types',
  1 => 'results',
) ]
[ info ] [ LOG ] INIT File

---------------------------------------------------------------
[ 2019-03-11T17:56:29+08:00 ] 127.0.0.1 127.0.0.1 GET /admin/featured/index.html
[ log ] www.nuomi123.com/admin/featured/index.html [运行时间：0.038002s][吞吐率：26.31req/s] [内存消耗：2,430.59kb] [文件加载：59]
[ info ] [ LANG ] E:\www\nuomi\thinkphp\lang\zh-cn.php
[ info ] [ ROUTE ] array (
  'type' => 'module',
  'module' => 
  array (
    0 => 'admin',
    1 => 'featured',
    2 => 'index',
  ),
)
[ info ] [ HEADER ] array (
  'host' => 'www.nuomi123.com',
  'connection' => 'keep-alive',
  'upgrade-insecure-requests' => '1',
  'user-agent' => 'Mozilla/5.0 (Windows NT 6.1; Win64; x64) AppleWebKit/537.36 (KHTML, like Gecko) Chrome/70.0.3538.110 Safari/537.36',
  'accept' => 'text/html,application/xhtml+xml,application/xml;q=0.9,image/webp,image/apng,*/*;q=0.8',
  'referer' => 'http://www.nuomi123.com/admin',
  'accept-encoding' => 'gzip, deflate',
  'accept-language' => 'zh-CN,zh;q=0.9',
  'cookie' => 'PHPSESSID=8vm6nenj5vb1sjidle8ugj2di2',
)
[ info ] [ PARAM ] array (
)
[ info ] [ RUN ] app\admin\controller\Featured->index[ E:\www\nuomi\application\admin\controller\Featured.php ]
[ info ] [ DB ] INIT mysql
[ info ] [ VIEW ] E:\www\nuomi./application/admin\view\featured\index.html [ array (
  0 => 'types',
  1 => 'results',
) ]
[ info ] [ LOG ] INIT File

---------------------------------------------------------------
[ 2019-03-11T17:56:42+08:00 ] 127.0.0.1 127.0.0.1 GET /admin
[ log ] www.nuomi123.com/admin [运行时间：0.038002s][吞吐率：26.31req/s] [内存消耗：1,446.98kb] [文件加载：44]
[ info ] [ LANG ] E:\www\nuomi\thinkphp\lang\zh-cn.php
[ info ] [ ROUTE ] array (
  'type' => 'module',
  'module' => 
  array (
    0 => 'admin',
    1 => NULL,
    2 => NULL,
  ),
)
[ info ] [ HEADER ] array (
  'host' => 'www.nuomi123.com',
  'connection' => 'keep-alive',
  'cache-control' => 'max-age=0',
  'upgrade-insecure-requests' => '1',
  'user-agent' => 'Mozilla/5.0 (Windows NT 6.1; Win64; x64) AppleWebKit/537.36 (KHTML, like Gecko) Chrome/70.0.3538.110 Safari/537.36',
  'accept' => 'text/html,application/xhtml+xml,application/xml;q=0.9,image/webp,image/apng,*/*;q=0.8',
  'accept-encoding' => 'gzip, deflate',
  'accept-language' => 'zh-CN,zh;q=0.9',
  'cookie' => 'PHPSESSID=8vm6nenj5vb1sjidle8ugj2di2',
)
[ info ] [ PARAM ] array (
)
[ info ] [ RUN ] app\admin\controller\Index->index[ E:\www\nuomi\application\admin\controller\Index.php ]
[ info ] [ VIEW ] E:\www\nuomi./application/admin\view\index\index.html [ array (
) ]
[ info ] [ LOG ] INIT File

---------------------------------------------------------------
[ 2019-03-11T17:56:42+08:00 ] 127.0.0.1 127.0.0.1 GET /admin/index/welcome.html
[ log ] www.nuomi123.com/admin/index/welcome.html [运行时间：0.058003s][吞吐率：17.24req/s] [内存消耗：1,389.42kb] [文件加载：42]
[ info ] [ LANG ] E:\www\nuomi\thinkphp\lang\zh-cn.php
[ info ] [ ROUTE ] array (
  'type' => 'module',
  'module' => 
  array (
    0 => 'admin',
    1 => 'index',
    2 => 'welcome',
  ),
)
[ info ] [ HEADER ] array (
  'host' => 'www.nuomi123.com',
  'connection' => 'keep-alive',
  'upgrade-insecure-requests' => '1',
  'user-agent' => 'Mozilla/5.0 (Windows NT 6.1; Win64; x64) AppleWebKit/537.36 (KHTML, like Gecko) Chrome/70.0.3538.110 Safari/537.36',
  'accept' => 'text/html,application/xhtml+xml,application/xml;q=0.9,image/webp,image/apng,*/*;q=0.8',
  'referer' => 'http://www.nuomi123.com/admin',
  'accept-encoding' => 'gzip, deflate',
  'accept-language' => 'zh-CN,zh;q=0.9',
  'cookie' => 'PHPSESSID=8vm6nenj5vb1sjidle8ugj2di2',
)
[ info ] [ PARAM ] array (
)
[ info ] [ RUN ] app\admin\controller\Index->welcome[ E:\www\nuomi\application\admin\controller\Index.php ]
[ info ] [ SESSION ] INIT array (
  'id' => '',
  'var_session_id' => '',
  'prefix' => 'think',
  'type' => '',
  'auto_start' => true,
)
[ info ] [ LOG ] INIT File

---------------------------------------------------------------
